#
# A fatal error has been detected by the Java Runtime Environment:
#
#  EXCEPTION_ACCESS_VIOLATION (0xc0000005) at pc=0x00007ff8e6721300, pid=33352, tid=6924
#
# JRE version: OpenJDK Runtime Environment Corretto-21.0.3.9.1 (21.0.3+9) (build 21.0.3+9-LTS)
# Java VM: OpenJDK 64-Bit Server VM Corretto-21.0.3.9.1 (21.0.3+9-LTS, mixed mode, sharing, tiered, compressed oops, compressed class ptrs, g1 gc, windows-amd64)
# Problematic frame:
# V  [jvm.dll+0x3c1300]
#
# No core dump will be written. Minidumps are not enabled by default on client versions of Windows
#
# If you would like to submit a bug report, please visit:
#   https://github.com/corretto/corretto-21/issues/
#

---------------  S U M M A R Y ------------

Command Line: --add-opens=java.base/java.util=ALL-UNNAMED --add-opens=java.base/java.lang=ALL-UNNAMED --add-opens=java.base/java.lang.invoke=ALL-UNNAMED --add-opens=java.prefs/java.util.prefs=ALL-UNNAMED --add-opens=java.base/java.nio.charset=ALL-UNNAMED --add-opens=java.base/java.net=ALL-UNNAMED --add-opens=java.base/java.util.concurrent.atomic=ALL-UNNAMED -XX:MaxMetaspaceSize=384m -XX:+HeapDumpOnOutOfMemoryError -Xms256m -Xmx512m -Dfile.encoding=windows-1251 -Duser.country=RU -Duser.language=ru -Duser.variant -javaagent:C:\Users\User\.gradle\wrapper\dists\gradle-8.5-bin\5t9huq95ubn472n8rpzujfbqh\gradle-8.5\lib\agents\gradle-instrumentation-agent-8.5.jar org.gradle.launcher.daemon.bootstrap.GradleDaemon 8.5

Host: AMD Ryzen 7 3700X 8-Core Processor             , 16 cores, 127G,  Windows 10 , 64 bit Build 19041 (10.0.19041.3636)
Time: Thu Apr 25 15:13:48 2024  Windows 10 , 64 bit Build 19041 (10.0.19041.3636) elapsed time: 20.343729 seconds (0d 0h 0m 20s)

---------------  T H R E A D  ---------------

Current thread (0x000002147ec60350):  JavaThread "C2 CompilerThread4" daemon [_thread_in_native, id=6924, stack(0x000000c61de00000,0x000000c61df00000) (1024K)]


Current CompileTask:
C2:  20343 7786       4       org.objectweb.asm.ClassReader::readMethod (1066 bytes)

Stack: [0x000000c61de00000,0x000000c61df00000],  sp=0x000000c61defcbd0,  free space=1010k
Native frames: (J=compiled Java code, j=interpreted, Vv=VM code, C=native code)
V  [jvm.dll+0x3c1300]
V  [jvm.dll+0x3ba5c8]
V  [jvm.dll+0x1e47fa]
V  [jvm.dll+0x24d664]
V  [jvm.dll+0x24cae1]
V  [jvm.dll+0x1cbd64]
V  [jvm.dll+0x25c059]
V  [jvm.dll+0x25a60b]
V  [jvm.dll+0x3f6976]
V  [jvm.dll+0x859258]
V  [jvm.dll+0x6d37ed]
C  [ucrtbase.dll+0x21bb2]
C  [KERNEL32.DLL+0x17344]
C  [ntdll.dll+0x526b1]


siginfo: EXCEPTION_ACCESS_VIOLATION (0xc0000005), reading address 0x00007df8e6ff91c0


Registers:
RAX=0x0000000000000000, RBX=0x000000c61defcc20, RCX=0x0000000000000000, RDX=0x00007df8e6ff91c0
RSP=0x000000c61defcbd0, RBP=0x000000c61defcd40, RSI=0x00007ff8e6ff91c0, RDI=0x0000000000000010
R8 =0x0000000000000c00, R9 =0x0000000000000004, R10=0x0000000000000003, R11=0x000002142b4e4220
R12=0x0000000000000000, R13=0x0000000000000000, R14=0x0000000000000c11, R15=0x0000000000000c11
RIP=0x00007ff8e6721300, EFLAGS=0x0000000000010246


Register to memory mapping:

RAX=0x0 is null
RBX=0x000000c61defcc20 is pointing into the stack for thread: 0x000002147ec60350
RCX=0x0 is null
RDX=0x00007df8e6ff91c0 is an unknown value
RSP=0x000000c61defcbd0 is pointing into the stack for thread: 0x000002147ec60350
RBP=0x000000c61defcd40 is pointing into the stack for thread: 0x000002147ec60350
RSI=0x00007ff8e6ff91c0 jvm.dll
RDI=0x0000000000000010 is an unknown value
R8 =0x0000000000000c00 is an unknown value
R9 =0x0000000000000004 is an unknown value
R10=0x0000000000000003 is an unknown value
R11=0x000002142b4e4220 points into unknown readable memory: 0x00000007fffda000 | 00 a0 fd ff 07 00 00 00
R12=0x0 is null
R13=0x0 is null
R14=0x0000000000000c11 is an unknown value
R15=0x0000000000000c11 is an unknown value

Top of Stack: (sp=0x000000c61defcbd0)
0x000000c61defcbd0:   00000000000012a8 00007ff8e6721454
0x000000c61defcbe0:   00000214249d8bf0 0000021426a2cc00
0x000000c61defcbf0:   0000000000000031 00007ff8e671a5c8
0x000000c61defcc00:   0000000000000001 000000000000000d
0x000000c61defcc10:   00000000000012a8 00000000000012a8
0x000000c61defcc20:   0000000000000000 0000000100000c22
0x000000c61defcc30:   000000130000000d 00007df8e6ff91c0
0x000000c61defcc40:   0000021429101638 000002142c6bcae0
0x000000c61defcc50:   00000000000003d8 0000021426cdcd70
0x000000c61defcc60:   0000021426cdcd60 0000021426cdd148
0x000000c61defcc70:   000000c61defcd80 00007ff8e65447fa
0x000000c61defcc80:   000000c61defd0c0 000000c61defd1a0
0x000000c61defcc90:   0000000000000000 0000021426cdcd60
0x000000c61defcca0:   0000000000000000 0000000000000000
0x000000c61defccb0:   0000000000000007 0000021426cdcd60
0x000000c61defccc0:   000002147d7c3580 000002147d7c8870
0x000000c61defccd0:   000002147d7cb568 0000000000378a98
0x000000c61defcce0:   00000214249d0000 0000000000000000
0x000000c61defccf0:   000000c61defcdc8 0000000000000000
0x000000c61defcd00:   0000000000000000 00007ff8e6d64f20
0x000000c61defcd10:   0000000000000000 000000c61defe5b0
0x000000c61defcd20:   0000000000000000 00007ff8e6d64f20
0x000000c61defcd30:   000002142898cc00 00000214249d8bf0
0x000000c61defcd40:   000015620000000c 000000c61defe5b0
0x000000c61defcd50:   000002142c644040 0000000200000001
0x000000c61defcd60:   000002142c6fea00 00000000000012a9
0x000000c61defcd70:   000000c61defccb0 0000021426cdcd70
0x000000c61defcd80:   00007ff8e6d64ef0 000002140000000d
0x000000c61defcd90:   000000c61defe5b0 000000c61defd0c0
0x000000c61defcda0:   00000000000015f8 00007ff8e6426533
0x000000c61defcdb0:   000002140000000a 000000c61defe5b0
0x000000c61defcdc0:   000002142a75a4b0 0000000000000000 

Instructions: (pc=0x00007ff8e6721300)
0x00007ff8e6721200:   48 8b a8 80 00 00 00 48 8b 8d d8 08 00 00 48 85
0x00007ff8e6721210:   c9 75 0c e8 78 0b 00 00 48 8b 8d d8 08 00 00 48
0x00007ff8e6721220:   8b 01 0f 57 c0 48 89 85 d8 08 00 00 0f 11 01 0f
0x00007ff8e6721230:   11 41 10 41 0f 10 06 0f 11 01 41 0f 10 4e 10 0f
0x00007ff8e6721240:   11 49 10 48 8b 43 08 48 89 0c 06 ff c7 ba 70 00
0x00007ff8e6721250:   00 00 3b bb 90 00 00 00 0f 82 62 ff ff ff 4c 8b
0x00007ff8e6721260:   74 24 60 4c 8b 6c 24 58 4c 8b 64 24 50 48 8b c3
0x00007ff8e6721270:   48 83 c4 20 41 5f 5f 5e 5d 5b c3 cc cc cc cc cc
0x00007ff8e6721280:   40 53 48 83 ec 20 8b 51 0c 48 8b d9 83 fa 04 73
0x00007ff8e6721290:   2a 4c 8b 59 18 66 66 66 0f 1f 84 00 00 00 00 00
0x00007ff8e67212a0:   44 8b d2 44 8d 4a 01 4b 83 3c d3 00 0f 85 8f 00
0x00007ff8e67212b0:   00 00 41 8b d1 41 83 f9 04 72 e5 48 89 74 24 30
0x00007ff8e67212c0:   48 89 7c 24 38 8b 79 10 3b 79 14 73 62 48 8d 35
0x00007ff8e67212d0:   ec 7e 8d 00 0f 1f 40 00 0f 1f 84 00 00 00 00 00
0x00007ff8e67212e0:   48 8b 43 20 8b cf 48 8b 14 c8 48 3b d6 74 39 33
0x00007ff8e67212f0:   c0 48 89 53 18 33 c9 66 0f 1f 84 00 00 00 00 00
0x00007ff8e6721300:   48 83 3c 11 00 44 8d 48 01 75 6f 48 83 c1 08 41
0x00007ff8e6721310:   8b c1 41 83 f9 04 72 e8 48 8b 4b 28 48 85 c9 74
0x00007ff8e6721320:   07 8b d7 e8 58 01 00 00 ff c7 3b 7b 14 72 b1 48
0x00007ff8e6721330:   8b 74 24 30 33 c0 48 8b 7c 24 38 48 83 c4 20 5b
0x00007ff8e6721340:   c3 8b 41 10 44 8d 04 82 41 c1 e0 06 41 81 c0 00
0x00007ff8e6721350:   ff ff ff 44 89 41 08 4b 8b 14 d3 48 0f bc c2 44
0x00007ff8e6721360:   89 49 0c 8b c8 48 d3 ea 48 ff ca 41 03 c0 48 89
0x00007ff8e6721370:   13 89 43 08 48 83 c4 20 5b c3 48 8b 74 24 30 44
0x00007ff8e6721380:   8d 04 b8 8b c8 8d 47 01 48 8b 7c 24 38 41 c1 e0
0x00007ff8e6721390:   06 44 89 43 08 48 8b 14 ca 89 43 10 48 0f bc c2
0x00007ff8e67213a0:   44 89 4b 0c 8b c8 48 d3 ea 48 ff ca 41 03 c0 48
0x00007ff8e67213b0:   89 13 89 43 08 48 83 c4 20 5b c3 cc cc cc cc cc
0x00007ff8e67213c0:   40 53 48 83 ec 20 65 48 8b 04 25 58 00 00 00 8b
0x00007ff8e67213d0:   0d d3 f6 91 00 48 8b 1c c8 b8 70 00 00 00 80 3c
0x00007ff8e67213e0:   18 00 75 05 e8 57 e0 58 00 b8 20 00 00 00 48 8b
0x00007ff8e67213f0:   04 18 48 8b 88 68 06 00 00 48 8b 99 80 00 00 00 


Stack slot to memory mapping:

stack at sp + 0 slots: 0x00000000000012a8 is an unknown value
stack at sp + 1 slots: 0x00007ff8e6721454 jvm.dll
stack at sp + 2 slots: 0x00000214249d8bf0 points into unknown readable memory: 0x0000000000000007 | 07 00 00 00 00 00 00 00
stack at sp + 3 slots: 0x0000021426a2cc00 points into unknown readable memory: 0x0000000000000000 | 00 00 00 00 00 00 00 00
stack at sp + 4 slots: 0x0000000000000031 is an unknown value
stack at sp + 5 slots: 0x00007ff8e671a5c8 jvm.dll
stack at sp + 6 slots: 0x0000000000000001 is an unknown value
stack at sp + 7 slots: 0x000000000000000d is an unknown value


---------------  P R O C E S S  ---------------

Threads class SMR info:
_java_thread_list=0x0000021425946170, length=58, elements={
0x0000021469bc3660, 0x000002147883b660, 0x000002147883c2c0, 0x000002147883cf20,
0x000002147883fcf0, 0x0000021478840750, 0x00000214788411b0, 0x00000214789683c0,
0x0000021478968e60, 0x0000021478a6c6a0, 0x0000021478a7dab0, 0x0000021478beed00,
0x000002147d75a050, 0x000002147dcce090, 0x0000021478a38040, 0x000002147dd05150,
0x000002147ea65af0, 0x000002147e49c190, 0x000002147e49ff20, 0x000002147e734c90,
0x000002147e73e200, 0x000002147e738f00, 0x000002147e736e30, 0x000002147e7374c0,
0x000002147e738870, 0x000002147e739590, 0x000002147e739c20, 0x000002147e737b50,
0x000002147e7381e0, 0x0000021424727b80, 0x0000021424721fa0, 0x0000021424728210,
0x0000021424726140, 0x00000214247288a0, 0x00000214247274f0, 0x0000021424722630,
0x0000021424724070, 0x0000021424724d90, 0x0000021424725420, 0x0000021424722cc0,
0x00000214246d9c10, 0x0000021424721910, 0x0000021424728f30, 0x0000021424723350,
0x0000021424724700, 0x0000021424725ab0, 0x00000214247267d0, 0x000002147ec5f5f0,
0x000002147ec5fca0, 0x000002147ec60350, 0x00000214248bdad0, 0x00000214248b9930,
0x00000214248b7ef0, 0x00000214248b9fc0, 0x00000214248b8580, 0x0000021426a48690,
0x0000021426824ea0, 0x0000021426a40480
}

Java Threads: ( => current thread )
  0x0000021469bc3660 JavaThread "main"                              [_thread_blocked, id=28848, stack(0x000000c619800000,0x000000c619900000) (1024K)]
  0x000002147883b660 JavaThread "Reference Handler"          daemon [_thread_blocked, id=38792, stack(0x000000c61a000000,0x000000c61a100000) (1024K)]
  0x000002147883c2c0 JavaThread "Finalizer"                  daemon [_thread_blocked, id=30364, stack(0x000000c61a100000,0x000000c61a200000) (1024K)]
  0x000002147883cf20 JavaThread "Signal Dispatcher"          daemon [_thread_blocked, id=9676, stack(0x000000c61a200000,0x000000c61a300000) (1024K)]
  0x000002147883fcf0 JavaThread "Attach Listener"            daemon [_thread_blocked, id=27716, stack(0x000000c61a300000,0x000000c61a400000) (1024K)]
  0x0000021478840750 JavaThread "Service Thread"             daemon [_thread_blocked, id=29760, stack(0x000000c61a400000,0x000000c61a500000) (1024K)]
  0x00000214788411b0 JavaThread "Monitor Deflation Thread"   daemon [_thread_blocked, id=28716, stack(0x000000c61a500000,0x000000c61a600000) (1024K)]
  0x00000214789683c0 JavaThread "C2 CompilerThread0"         daemon [_thread_in_vm, id=39908, stack(0x000000c61a600000,0x000000c61a700000) (1024K)]
  0x0000021478968e60 JavaThread "C1 CompilerThread0"         daemon [_thread_blocked, id=37092, stack(0x000000c61a700000,0x000000c61a800000) (1024K)]
  0x0000021478a6c6a0 JavaThread "Common-Cleaner"             daemon [_thread_blocked, id=32344, stack(0x000000c61a800000,0x000000c61a900000) (1024K)]
  0x0000021478a7dab0 JavaThread "C1 CompilerThread1"         daemon [_thread_blocked, id=36140, stack(0x000000c61a900000,0x000000c61aa00000) (1024K)]
  0x0000021478beed00 JavaThread "Notification Thread"        daemon [_thread_blocked, id=33656, stack(0x000000c61ab00000,0x000000c61ac00000) (1024K)]
  0x000002147d75a050 JavaThread "C1 CompilerThread2"         daemon [_thread_blocked, id=4352, stack(0x000000c61ad00000,0x000000c61ae00000) (1024K)]
  0x000002147dcce090 JavaThread "C1 CompilerThread3"         daemon [_thread_blocked, id=39880, stack(0x000000c61ae00000,0x000000c61af00000) (1024K)]
  0x0000021478a38040 JavaThread "Daemon health stats"               [_thread_blocked, id=39592, stack(0x000000c61af00000,0x000000c61b000000) (1024K)]
  0x000002147dd05150 JavaThread "Incoming local TCP Connector on port 65254"        [_thread_in_native, id=39076, stack(0x000000c61b500000,0x000000c61b600000) (1024K)]
  0x000002147ea65af0 JavaThread "Daemon periodic checks"            [_thread_blocked, id=37656, stack(0x000000c61b600000,0x000000c61b700000) (1024K)]
  0x000002147e49c190 JavaThread "Daemon"                            [_thread_blocked, id=36564, stack(0x000000c61b700000,0x000000c61b800000) (1024K)]
  0x000002147e49ff20 JavaThread "Handler for socket connection from /127.0.0.1:65254 to /127.0.0.1:65255"        [_thread_in_native, id=37932, stack(0x000000c61b800000,0x000000c61b900000) (1024K)]
  0x000002147e734c90 JavaThread "Cancel handler"                    [_thread_blocked, id=33548, stack(0x000000c61b900000,0x000000c61ba00000) (1024K)]
  0x000002147e73e200 JavaThread "Daemon worker"                     [_thread_blocked, id=39632, stack(0x000000c61ba00000,0x000000c61bb00000) (1024K)]
  0x000002147e738f00 JavaThread "Asynchronous log dispatcher for DefaultDaemonConnection: socket connection from /127.0.0.1:65254 to /127.0.0.1:65255"        [_thread_blocked, id=36156, stack(0x000000c61bb00000,0x000000c61bc00000) (1024K)]
  0x000002147e736e30 JavaThread "Stdin handler"                     [_thread_blocked, id=38652, stack(0x000000c61bc00000,0x000000c61bd00000) (1024K)]
  0x000002147e7374c0 JavaThread "Daemon client event forwarder"        [_thread_blocked, id=37924, stack(0x000000c61bd00000,0x000000c61be00000) (1024K)]
  0x000002147e738870 JavaThread "Cache worker for journal cache (C:\Users\User\.gradle\caches\journal-1)"        [_thread_blocked, id=36024, stack(0x000000c61be00000,0x000000c61bf00000) (1024K)]
  0x000002147e739590 JavaThread "File lock request listener"        [_thread_in_native, id=35828, stack(0x000000c61bf00000,0x000000c61c000000) (1024K)]
  0x000002147e739c20 JavaThread "Cache worker for file hash cache (C:\Users\User\.gradle\caches\8.5\fileHashes)"        [_thread_blocked, id=22796, stack(0x000000c61c000000,0x000000c61c100000) (1024K)]
  0x000002147e737b50 JavaThread "File watcher server"        daemon [_thread_in_native, id=38768, stack(0x000000c61cb00000,0x000000c61cc00000) (1024K)]
  0x000002147e7381e0 JavaThread "File watcher consumer"      daemon [_thread_blocked, id=35836, stack(0x000000c61cc00000,0x000000c61cd00000) (1024K)]
  0x0000021424727b80 JavaThread "jar transforms"                    [_thread_in_Java, id=23984, stack(0x000000c61aa00000,0x000000c61ab00000) (1024K)]
  0x0000021424721fa0 JavaThread "jar transforms Thread 2"           [_thread_blocked, id=26980, stack(0x000000c61ac00000,0x000000c61ad00000) (1024K)]
  0x0000021424728210 JavaThread "jar transforms Thread 3"           [_thread_blocked, id=35952, stack(0x000000c61ca00000,0x000000c61cb00000) (1024K)]
  0x0000021424726140 JavaThread "jar transforms Thread 4"           [_thread_blocked, id=33644, stack(0x000000c61cd00000,0x000000c61ce00000) (1024K)]
  0x00000214247288a0 JavaThread "jar transforms Thread 5"           [_thread_blocked, id=38348, stack(0x000000c61ce00000,0x000000c61cf00000) (1024K)]
  0x00000214247274f0 JavaThread "jar transforms Thread 6"           [_thread_blocked, id=39068, stack(0x000000c61cf00000,0x000000c61d000000) (1024K)]
  0x0000021424722630 JavaThread "jar transforms Thread 7"           [_thread_blocked, id=37644, stack(0x000000c61d000000,0x000000c61d100000) (1024K)]
  0x0000021424724070 JavaThread "jar transforms Thread 8"           [_thread_blocked, id=36032, stack(0x000000c61d100000,0x000000c61d200000) (1024K)]
  0x0000021424724d90 JavaThread "jar transforms Thread 9"           [_thread_blocked, id=24008, stack(0x000000c61d200000,0x000000c61d300000) (1024K)]
  0x0000021424725420 JavaThread "jar transforms Thread 10"          [_thread_blocked, id=37392, stack(0x000000c61d300000,0x000000c61d400000) (1024K)]
  0x0000021424722cc0 JavaThread "jar transforms Thread 11"          [_thread_blocked, id=37096, stack(0x000000c61d400000,0x000000c61d500000) (1024K)]
  0x00000214246d9c10 JavaThread "C2 CompilerThread1"         daemon [_thread_blocked, id=31040, stack(0x000000c61d500000,0x000000c61d600000) (1024K)]
  0x0000021424721910 JavaThread "Cache worker for checksums cache (F:\Education\Projects\Pet\.gradle\8.5\checksums)"        [_thread_blocked, id=38512, stack(0x000000c61d800000,0x000000c61d900000) (1024K)]
  0x0000021424728f30 JavaThread "Cache worker for file hash cache (F:\Education\Projects\Pet\.gradle\8.5\fileHashes)"        [_thread_blocked, id=24036, stack(0x000000c61d900000,0x000000c61da00000) (1024K)]
  0x0000021424723350 JavaThread "Cache worker for cache directory md-supplier (C:\Users\User\.gradle\caches\8.5\md-supplier)"        [_thread_blocked, id=38380, stack(0x000000c61d600000,0x000000c61d700000) (1024K)]
  0x0000021424724700 JavaThread "Cache worker for cache directory md-rule (C:\Users\User\.gradle\caches\8.5\md-rule)"        [_thread_blocked, id=38572, stack(0x000000c61d700000,0x000000c61d800000) (1024K)]
  0x0000021424725ab0 JavaThread "Cache worker for file content cache (C:\Users\User\.gradle\caches\8.5\fileContent)"        [_thread_blocked, id=12536, stack(0x000000c61da00000,0x000000c61db00000) (1024K)]
  0x00000214247267d0 JavaThread "Cache worker for execution history cache (C:\Users\User\.gradle\caches\8.5\executionHistory)"        [_thread_blocked, id=39152, stack(0x000000c61db00000,0x000000c61dc00000) (1024K)]
  0x000002147ec5f5f0 JavaThread "C2 CompilerThread2"         daemon [_thread_in_native, id=22836, stack(0x000000c61dc00000,0x000000c61dd00000) (1024K)]
  0x000002147ec5fca0 JavaThread "C2 CompilerThread3"         daemon [_thread_blocked, id=38364, stack(0x000000c61dd00000,0x000000c61de00000) (1024K)]
=>0x000002147ec60350 JavaThread "C2 CompilerThread4"         daemon [_thread_in_native, id=6924, stack(0x000000c61de00000,0x000000c61df00000) (1024K)]
  0x00000214248bdad0 JavaThread "jar transforms Thread 12"          [_thread_blocked, id=39304, stack(0x000000c61e100000,0x000000c61e200000) (1024K)]
  0x00000214248b9930 JavaThread "jar transforms Thread 13"          [_thread_blocked, id=36512, stack(0x000000c61e000000,0x000000c61e100000) (1024K)]
  0x00000214248b7ef0 JavaThread "jar transforms Thread 14"          [_thread_in_Java, id=32348, stack(0x000000c61e200000,0x000000c61e300000) (1024K)]
  0x00000214248b9fc0 JavaThread "jar transforms Thread 15"          [_thread_blocked, id=38972, stack(0x000000c61e300000,0x000000c61e400000) (1024K)]
  0x00000214248b8580 JavaThread "jar transforms Thread 16"          [_thread_blocked, id=39508, stack(0x000000c61e400000,0x000000c61e500000) (1024K)]
  0x0000021426a48690 JavaThread "C2 CompilerThread5"         daemon [_thread_in_native, id=38460, stack(0x000000c61df00000,0x000000c61e000000) (1024K)]
  0x0000021426824ea0 JavaThread "C2 CompilerThread6"         daemon [_thread_blocked, id=39456, stack(0x000000c61e500000,0x000000c61e600000) (1024K)]
  0x0000021426a40480 JavaThread "C2 CompilerThread7"         daemon [_thread_blocked, id=17392, stack(0x000000c61e600000,0x000000c61e700000) (1024K)]
Total: 58

Other Threads:
  0x000002147881c3f0 VMThread "VM Thread"                           [id=33456, stack(0x000000c619f00000,0x000000c61a000000) (1024K)]
  0x00000214788060c0 WatcherThread "VM Periodic Task Thread"        [id=35680, stack(0x000000c619e00000,0x000000c619f00000) (1024K)]
  0x000002146bf19870 WorkerThread "GC Thread#0"                     [id=9684, stack(0x000000c619900000,0x000000c619a00000) (1024K)]
  0x000002147da25140 WorkerThread "GC Thread#1"                     [id=24288, stack(0x000000c61b000000,0x000000c61b100000) (1024K)]
  0x000002147d97c590 WorkerThread "GC Thread#2"                     [id=38992, stack(0x000000c61b100000,0x000000c61b200000) (1024K)]
  0x000002147d97c930 WorkerThread "GC Thread#3"                     [id=38752, stack(0x000000c61b200000,0x000000c61b300000) (1024K)]
  0x000002147d97ccd0 WorkerThread "GC Thread#4"                     [id=39500, stack(0x000000c61b300000,0x000000c61b400000) (1024K)]
  0x000002147d97d070 WorkerThread "GC Thread#5"                     [id=36640, stack(0x000000c61b400000,0x000000c61b500000) (1024K)]
  0x000002147e6c23f0 WorkerThread "GC Thread#6"                     [id=35972, stack(0x000000c61c100000,0x000000c61c200000) (1024K)]
  0x000002147e6c1910 WorkerThread "GC Thread#7"                     [id=26388, stack(0x000000c61c200000,0x000000c61c300000) (1024K)]
  0x000002147e6c1cb0 WorkerThread "GC Thread#8"                     [id=19068, stack(0x000000c61c300000,0x000000c61c400000) (1024K)]
  0x000002147e6c11d0 WorkerThread "GC Thread#9"                     [id=39384, stack(0x000000c61c400000,0x000000c61c500000) (1024K)]
  0x000002147e6c1570 WorkerThread "GC Thread#10"                    [id=39856, stack(0x000000c61c500000,0x000000c61c600000) (1024K)]
  0x0000021424ee8510 WorkerThread "GC Thread#11"                    [id=38104, stack(0x000000c61c600000,0x000000c61c700000) (1024K)]
  0x0000021424ee6f50 WorkerThread "GC Thread#12"                    [id=38604, stack(0x000000c61c700000,0x000000c61c800000) (1024K)]
  0x000002146bf1f920 ConcurrentGCThread "G1 Main Marker"            [id=24664, stack(0x000000c619a00000,0x000000c619b00000) (1024K)]
  0x000002146bf20330 WorkerThread "G1 Conc#0"                       [id=39256, stack(0x000000c619b00000,0x000000c619c00000) (1024K)]
  0x0000021424ee72f0 WorkerThread "G1 Conc#1"                       [id=31260, stack(0x000000c61c800000,0x000000c61c900000) (1024K)]
  0x0000021424ee7690 WorkerThread "G1 Conc#2"                       [id=39040, stack(0x000000c61c900000,0x000000c61ca00000) (1024K)]
  0x000002146bfbe720 ConcurrentGCThread "G1 Refine#0"               [id=36372, stack(0x000000c619c00000,0x000000c619d00000) (1024K)]
  0x00000214786d37e0 ConcurrentGCThread "G1 Service"                [id=36092, stack(0x000000c619d00000,0x000000c619e00000) (1024K)]
Total: 21

Threads with active compile tasks:
C2 CompilerThread0    20386 7815       4       org.gradle.internal.classpath.generated.InterceptorDeclaration_ConfigCacheJvmBytecode::visitMethodInsn (4216 bytes)
C2 CompilerThread2    20386 7681 %     4       org.objectweb.asm.ClassReader::readCode @ 92 (5117 bytes)
C2 CompilerThread4    20386 7786       4       org.objectweb.asm.ClassReader::readMethod (1066 bytes)
C2 CompilerThread5    20386 7810       4       org.objectweb.asm.ClassReader::readField (671 bytes)
Total: 4

VM state: not at safepoint (normal execution)

VM Mutex/Monitor currently owned by a thread:  ([mutex/lock_event])
[0x00007ff8e700fc48] MethodCompileQueue_lock - owner thread: 0x0000021426a48690
[0x00007ff8e7010fc8] CodeCache_lock - owner thread: 0x0000021426a48690
[0x00007ff8e7011148] Compile_lock - owner thread: 0x0000021426a48690

Heap address: 0x00000000e0000000, size: 512 MB, Compressed Oops mode: 32-bit

CDS archive(s) mapped at: [0x000002140f000000-0x000002140fc90000-0x000002140fc90000), size 13172736, SharedBaseAddress: 0x000002140f000000, ArchiveRelocationMode: 1.
Compressed class space mapped at: 0x0000021410000000-0x0000021424000000, reserved size: 335544320
Narrow klass base: 0x000002140f000000, Narrow klass shift: 0, Narrow klass range: 0x100000000

GC Precious Log:
 CardTable entry size: 512
 Card Set container configuration: InlinePtr #cards 5 size 8 Array Of Cards #cards 12 size 40 Howl #buckets 4 coarsen threshold 1843 Howl Bitmap #cards 512 size 80 coarsen threshold 460 Card regions per heap region 1 cards per card region 2048
 CPUs: 16 total, 16 available
 Memory: 127G
 Large Page Support: Disabled
 NUMA Support: Disabled
 Compressed Oops: Enabled (32-bit)
 Heap Region Size: 1M
 Heap Min Capacity: 256M
 Heap Initial Capacity: 256M
 Heap Max Capacity: 512M
 Pre-touch: Disabled
 Parallel Workers: 13
 Concurrent Workers: 3
 Concurrent Refinement Workers: 13
 Periodic GC: Disabled

Heap:
 garbage-first heap   total 262144K, used 137369K [0x00000000e0000000, 0x0000000100000000)
  region size 1024K, 79 young (80896K), 8 survivors (8192K)
 Metaspace       used 48051K, committed 49536K, reserved 393216K
  class space    used 6693K, committed 7424K, reserved 327680K

Heap Regions: E=young(eden), S=young(survivor), O=old, HS=humongous(starts), HC=humongous(continues), CS=collection set, F=free, TAMS=top-at-mark-start, PB=parsable bottom
|   0|0x00000000e0000000, 0x00000000e0100000, 0x00000000e0100000|100%|HS|  |TAMS 0x00000000e0000000| PB 0x00000000e0000000| Complete 
|   1|0x00000000e0100000, 0x00000000e0200000, 0x00000000e0200000|100%|HC|  |TAMS 0x00000000e0100000| PB 0x00000000e0100000| Complete 
|   2|0x00000000e0200000, 0x00000000e0300000, 0x00000000e0300000|100%|HC|  |TAMS 0x00000000e0200000| PB 0x00000000e0200000| Complete 
|   3|0x00000000e0300000, 0x00000000e0400000, 0x00000000e0400000|100%|HC|  |TAMS 0x00000000e0300000| PB 0x00000000e0300000| Complete 
|   4|0x00000000e0400000, 0x00000000e0500000, 0x00000000e0500000|100%| O|  |TAMS 0x00000000e0400000| PB 0x00000000e0400000| Untracked 
|   5|0x00000000e0500000, 0x00000000e0600000, 0x00000000e0600000|100%| O|  |TAMS 0x00000000e0500000| PB 0x00000000e0500000| Untracked 
|   6|0x00000000e0600000, 0x00000000e0700000, 0x00000000e0700000|100%| O|  |TAMS 0x00000000e0600000| PB 0x00000000e0600000| Untracked 
|   7|0x00000000e0700000, 0x00000000e0800000, 0x00000000e0800000|100%| O|  |TAMS 0x00000000e0700000| PB 0x00000000e0700000| Untracked 
|   8|0x00000000e0800000, 0x00000000e0900000, 0x00000000e0900000|100%| O|  |TAMS 0x00000000e0800000| PB 0x00000000e0800000| Untracked 
|   9|0x00000000e0900000, 0x00000000e0a00000, 0x00000000e0a00000|100%| O|  |TAMS 0x00000000e0900000| PB 0x00000000e0900000| Untracked 
|  10|0x00000000e0a00000, 0x00000000e0b00000, 0x00000000e0b00000|100%| O|  |TAMS 0x00000000e0a00000| PB 0x00000000e0a00000| Untracked 
|  11|0x00000000e0b00000, 0x00000000e0c00000, 0x00000000e0c00000|100%|HS|  |TAMS 0x00000000e0b00000| PB 0x00000000e0b00000| Complete 
|  12|0x00000000e0c00000, 0x00000000e0d00000, 0x00000000e0d00000|100%|HC|  |TAMS 0x00000000e0c00000| PB 0x00000000e0c00000| Complete 
|  13|0x00000000e0d00000, 0x00000000e0e00000, 0x00000000e0e00000|100%|HC|  |TAMS 0x00000000e0d00000| PB 0x00000000e0d00000| Complete 
|  14|0x00000000e0e00000, 0x00000000e0f00000, 0x00000000e0f00000|100%|HC|  |TAMS 0x00000000e0e00000| PB 0x00000000e0e00000| Complete 
|  15|0x00000000e0f00000, 0x00000000e1000000, 0x00000000e1000000|100%|HC|  |TAMS 0x00000000e0f00000| PB 0x00000000e0f00000| Complete 
|  16|0x00000000e1000000, 0x00000000e1100000, 0x00000000e1100000|100%|HS|  |TAMS 0x00000000e1000000| PB 0x00000000e1000000| Complete 
|  17|0x00000000e1100000, 0x00000000e1200000, 0x00000000e1200000|100%|HC|  |TAMS 0x00000000e1100000| PB 0x00000000e1100000| Complete 
|  18|0x00000000e1200000, 0x00000000e1300000, 0x00000000e1300000|100%|HC|  |TAMS 0x00000000e1200000| PB 0x00000000e1200000| Complete 
|  19|0x00000000e1300000, 0x00000000e1400000, 0x00000000e1400000|100%| O|  |TAMS 0x00000000e1300000| PB 0x00000000e1300000| Untracked 
|  20|0x00000000e1400000, 0x00000000e1500000, 0x00000000e1500000|100%| O|  |TAMS 0x00000000e1400000| PB 0x00000000e1400000| Untracked 
|  21|0x00000000e1500000, 0x00000000e1600000, 0x00000000e1600000|100%| O|  |TAMS 0x00000000e1500000| PB 0x00000000e1500000| Untracked 
|  22|0x00000000e1600000, 0x00000000e1700000, 0x00000000e1700000|100%| O|  |TAMS 0x00000000e1600000| PB 0x00000000e1600000| Untracked 
|  23|0x00000000e1700000, 0x00000000e1800000, 0x00000000e1800000|100%| O|  |TAMS 0x00000000e1700000| PB 0x00000000e1700000| Untracked 
|  24|0x00000000e1800000, 0x00000000e1900000, 0x00000000e1900000|100%| O|  |TAMS 0x00000000e1800000| PB 0x00000000e1800000| Untracked 
|  25|0x00000000e1900000, 0x00000000e1a00000, 0x00000000e1a00000|100%| O|  |TAMS 0x00000000e1900000| PB 0x00000000e1900000| Untracked 
|  26|0x00000000e1a00000, 0x00000000e1b00000, 0x00000000e1b00000|100%| O|  |TAMS 0x00000000e1a00000| PB 0x00000000e1a00000| Untracked 
|  27|0x00000000e1b00000, 0x00000000e1c00000, 0x00000000e1c00000|100%| O|  |TAMS 0x00000000e1b00000| PB 0x00000000e1b00000| Untracked 
|  28|0x00000000e1c00000, 0x00000000e1d00000, 0x00000000e1d00000|100%| O|  |TAMS 0x00000000e1c00000| PB 0x00000000e1c00000| Untracked 
|  29|0x00000000e1d00000, 0x00000000e1e00000, 0x00000000e1e00000|100%| O|  |TAMS 0x00000000e1d00000| PB 0x00000000e1d00000| Untracked 
|  30|0x00000000e1e00000, 0x00000000e1f00000, 0x00000000e1f00000|100%| O|  |TAMS 0x00000000e1e00000| PB 0x00000000e1e00000| Untracked 
|  31|0x00000000e1f00000, 0x00000000e2000000, 0x00000000e2000000|100%| O|  |TAMS 0x00000000e1f00000| PB 0x00000000e1f00000| Untracked 
|  32|0x00000000e2000000, 0x00000000e2100000, 0x00000000e2100000|100%| O|  |TAMS 0x00000000e2000000| PB 0x00000000e2000000| Untracked 
|  33|0x00000000e2100000, 0x00000000e2200000, 0x00000000e2200000|100%| O|  |TAMS 0x00000000e2100000| PB 0x00000000e2100000| Untracked 
|  34|0x00000000e2200000, 0x00000000e226fe50, 0x00000000e2300000| 43%| O|  |TAMS 0x00000000e2200000| PB 0x00000000e2200000| Untracked 
|  35|0x00000000e2300000, 0x00000000e2300000, 0x00000000e2400000|  0%| F|  |TAMS 0x00000000e2300000| PB 0x00000000e2300000| Untracked 
|  36|0x00000000e2400000, 0x00000000e2400000, 0x00000000e2500000|  0%| F|  |TAMS 0x00000000e2400000| PB 0x00000000e2400000| Untracked 
|  37|0x00000000e2500000, 0x00000000e2500000, 0x00000000e2600000|  0%| F|  |TAMS 0x00000000e2500000| PB 0x00000000e2500000| Untracked 
|  38|0x00000000e2600000, 0x00000000e2600000, 0x00000000e2700000|  0%| F|  |TAMS 0x00000000e2600000| PB 0x00000000e2600000| Untracked 
|  39|0x00000000e2700000, 0x00000000e2700000, 0x00000000e2800000|  0%| F|  |TAMS 0x00000000e2700000| PB 0x00000000e2700000| Untracked 
|  40|0x00000000e2800000, 0x00000000e2900000, 0x00000000e2900000|100%| O|  |TAMS 0x00000000e2800000| PB 0x00000000e2800000| Untracked 
|  41|0x00000000e2900000, 0x00000000e2a00000, 0x00000000e2a00000|100%| O|  |TAMS 0x00000000e2900000| PB 0x00000000e2900000| Untracked 
|  42|0x00000000e2a00000, 0x00000000e2b00000, 0x00000000e2b00000|100%| O|  |TAMS 0x00000000e2a00000| PB 0x00000000e2a00000| Untracked 
|  43|0x00000000e2b00000, 0x00000000e2c00000, 0x00000000e2c00000|100%| O|  |TAMS 0x00000000e2b00000| PB 0x00000000e2b00000| Untracked 
|  44|0x00000000e2c00000, 0x00000000e2d00000, 0x00000000e2d00000|100%| O|  |TAMS 0x00000000e2c00000| PB 0x00000000e2c00000| Untracked 
|  45|0x00000000e2d00000, 0x00000000e2e00000, 0x00000000e2e00000|100%| O|  |TAMS 0x00000000e2d00000| PB 0x00000000e2d00000| Untracked 
|  46|0x00000000e2e00000, 0x00000000e2f00000, 0x00000000e2f00000|100%| O|  |TAMS 0x00000000e2e00000| PB 0x00000000e2e00000| Untracked 
|  47|0x00000000e2f00000, 0x00000000e3000000, 0x00000000e3000000|100%| O|  |TAMS 0x00000000e2f00000| PB 0x00000000e2f00000| Untracked 
|  48|0x00000000e3000000, 0x00000000e3100000, 0x00000000e3100000|100%| O|  |TAMS 0x00000000e3000000| PB 0x00000000e3000000| Untracked 
|  49|0x00000000e3100000, 0x00000000e3200000, 0x00000000e3200000|100%| O|  |TAMS 0x00000000e3100000| PB 0x00000000e3100000| Untracked 
|  50|0x00000000e3200000, 0x00000000e3300000, 0x00000000e3300000|100%| O|  |TAMS 0x00000000e3200000| PB 0x00000000e3200000| Untracked 
|  51|0x00000000e3300000, 0x00000000e3400000, 0x00000000e3400000|100%| O|  |TAMS 0x00000000e3300000| PB 0x00000000e3300000| Untracked 
|  52|0x00000000e3400000, 0x00000000e3500000, 0x00000000e3500000|100%| O|  |TAMS 0x00000000e3400000| PB 0x00000000e3400000| Untracked 
|  53|0x00000000e3500000, 0x00000000e3600000, 0x00000000e3600000|100%| O|  |TAMS 0x00000000e3500000| PB 0x00000000e3500000| Untracked 
|  54|0x00000000e3600000, 0x00000000e3700000, 0x00000000e3700000|100%|HS|  |TAMS 0x00000000e3600000| PB 0x00000000e3600000| Complete 
|  55|0x00000000e3700000, 0x00000000e3800000, 0x00000000e3800000|100%|HC|  |TAMS 0x00000000e3700000| PB 0x00000000e3700000| Complete 
|  56|0x00000000e3800000, 0x00000000e3900000, 0x00000000e3900000|100%|HC|  |TAMS 0x00000000e3800000| PB 0x00000000e3800000| Complete 
|  57|0x00000000e3900000, 0x00000000e3a00000, 0x00000000e3a00000|100%|HS|  |TAMS 0x00000000e3900000| PB 0x00000000e3900000| Complete 
|  58|0x00000000e3a00000, 0x00000000e3b00000, 0x00000000e3b00000|100%|HC|  |TAMS 0x00000000e3a00000| PB 0x00000000e3a00000| Complete 
|  59|0x00000000e3b00000, 0x00000000e3c00000, 0x00000000e3c00000|100%|HC|  |TAMS 0x00000000e3b00000| PB 0x00000000e3b00000| Complete 
|  60|0x00000000e3c00000, 0x00000000e3d00000, 0x00000000e3d00000|100%|HC|  |TAMS 0x00000000e3c00000| PB 0x00000000e3c00000| Complete 
|  61|0x00000000e3d00000, 0x00000000e3e00000, 0x00000000e3e00000|100%|HC|  |TAMS 0x00000000e3d00000| PB 0x00000000e3d00000| Complete 
|  62|0x00000000e3e00000, 0x00000000e3e00000, 0x00000000e3f00000|  0%| F|  |TAMS 0x00000000e3e00000| PB 0x00000000e3e00000| Untracked 
|  63|0x00000000e3f00000, 0x00000000e3f00000, 0x00000000e4000000|  0%| F|  |TAMS 0x00000000e3f00000| PB 0x00000000e3f00000| Untracked 
|  64|0x00000000e4000000, 0x00000000e4000000, 0x00000000e4100000|  0%| F|  |TAMS 0x00000000e4000000| PB 0x00000000e4000000| Untracked 
|  65|0x00000000e4100000, 0x00000000e4100000, 0x00000000e4200000|  0%| F|  |TAMS 0x00000000e4100000| PB 0x00000000e4100000| Untracked 
|  66|0x00000000e4200000, 0x00000000e4200000, 0x00000000e4300000|  0%| F|  |TAMS 0x00000000e4200000| PB 0x00000000e4200000| Untracked 
|  67|0x00000000e4300000, 0x00000000e4300000, 0x00000000e4400000|  0%| F|  |TAMS 0x00000000e4300000| PB 0x00000000e4300000| Untracked 
|  68|0x00000000e4400000, 0x00000000e4400000, 0x00000000e4500000|  0%| F|  |TAMS 0x00000000e4400000| PB 0x00000000e4400000| Untracked 
|  69|0x00000000e4500000, 0x00000000e4500000, 0x00000000e4600000|  0%| F|  |TAMS 0x00000000e4500000| PB 0x00000000e4500000| Untracked 
|  70|0x00000000e4600000, 0x00000000e4600000, 0x00000000e4700000|  0%| F|  |TAMS 0x00000000e4600000| PB 0x00000000e4600000| Untracked 
|  71|0x00000000e4700000, 0x00000000e4700000, 0x00000000e4800000|  0%| F|  |TAMS 0x00000000e4700000| PB 0x00000000e4700000| Untracked 
|  72|0x00000000e4800000, 0x00000000e4800000, 0x00000000e4900000|  0%| F|  |TAMS 0x00000000e4800000| PB 0x00000000e4800000| Untracked 
|  73|0x00000000e4900000, 0x00000000e4900000, 0x00000000e4a00000|  0%| F|  |TAMS 0x00000000e4900000| PB 0x00000000e4900000| Untracked 
|  74|0x00000000e4a00000, 0x00000000e4a00000, 0x00000000e4b00000|  0%| F|  |TAMS 0x00000000e4a00000| PB 0x00000000e4a00000| Untracked 
|  75|0x00000000e4b00000, 0x00000000e4b00000, 0x00000000e4c00000|  0%| F|  |TAMS 0x00000000e4b00000| PB 0x00000000e4b00000| Untracked 
|  76|0x00000000e4c00000, 0x00000000e4c00000, 0x00000000e4d00000|  0%| F|  |TAMS 0x00000000e4c00000| PB 0x00000000e4c00000| Untracked 
|  77|0x00000000e4d00000, 0x00000000e4d00000, 0x00000000e4e00000|  0%| F|  |TAMS 0x00000000e4d00000| PB 0x00000000e4d00000| Untracked 
|  78|0x00000000e4e00000, 0x00000000e4e00000, 0x00000000e4f00000|  0%| F|  |TAMS 0x00000000e4e00000| PB 0x00000000e4e00000| Untracked 
|  79|0x00000000e4f00000, 0x00000000e4f00000, 0x00000000e5000000|  0%| F|  |TAMS 0x00000000e4f00000| PB 0x00000000e4f00000| Untracked 
|  80|0x00000000e5000000, 0x00000000e5000000, 0x00000000e5100000|  0%| F|  |TAMS 0x00000000e5000000| PB 0x00000000e5000000| Untracked 
|  81|0x00000000e5100000, 0x00000000e5100000, 0x00000000e5200000|  0%| F|  |TAMS 0x00000000e5100000| PB 0x00000000e5100000| Untracked 
|  82|0x00000000e5200000, 0x00000000e5200000, 0x00000000e5300000|  0%| F|  |TAMS 0x00000000e5200000| PB 0x00000000e5200000| Untracked 
|  83|0x00000000e5300000, 0x00000000e5300000, 0x00000000e5400000|  0%| F|  |TAMS 0x00000000e5300000| PB 0x00000000e5300000| Untracked 
|  84|0x00000000e5400000, 0x00000000e5400000, 0x00000000e5500000|  0%| F|  |TAMS 0x00000000e5400000| PB 0x00000000e5400000| Untracked 
|  85|0x00000000e5500000, 0x00000000e5500000, 0x00000000e5600000|  0%| F|  |TAMS 0x00000000e5500000| PB 0x00000000e5500000| Untracked 
|  86|0x00000000e5600000, 0x00000000e5600000, 0x00000000e5700000|  0%| F|  |TAMS 0x00000000e5600000| PB 0x00000000e5600000| Untracked 
|  87|0x00000000e5700000, 0x00000000e5700000, 0x00000000e5800000|  0%| F|  |TAMS 0x00000000e5700000| PB 0x00000000e5700000| Untracked 
|  88|0x00000000e5800000, 0x00000000e5800000, 0x00000000e5900000|  0%| F|  |TAMS 0x00000000e5800000| PB 0x00000000e5800000| Untracked 
|  89|0x00000000e5900000, 0x00000000e5900000, 0x00000000e5a00000|  0%| F|  |TAMS 0x00000000e5900000| PB 0x00000000e5900000| Untracked 
|  90|0x00000000e5a00000, 0x00000000e5a00000, 0x00000000e5b00000|  0%| F|  |TAMS 0x00000000e5a00000| PB 0x00000000e5a00000| Untracked 
|  91|0x00000000e5b00000, 0x00000000e5b00000, 0x00000000e5c00000|  0%| F|  |TAMS 0x00000000e5b00000| PB 0x00000000e5b00000| Untracked 
|  92|0x00000000e5c00000, 0x00000000e5c00000, 0x00000000e5d00000|  0%| F|  |TAMS 0x00000000e5c00000| PB 0x00000000e5c00000| Untracked 
|  93|0x00000000e5d00000, 0x00000000e5d00000, 0x00000000e5e00000|  0%| F|  |TAMS 0x00000000e5d00000| PB 0x00000000e5d00000| Untracked 
|  94|0x00000000e5e00000, 0x00000000e5e00000, 0x00000000e5f00000|  0%| F|  |TAMS 0x00000000e5e00000| PB 0x00000000e5e00000| Untracked 
|  95|0x00000000e5f00000, 0x00000000e5fb65e0, 0x00000000e6000000| 71%| S|CS|TAMS 0x00000000e5f00000| PB 0x00000000e5f00000| Complete 
|  96|0x00000000e6000000, 0x00000000e6100000, 0x00000000e6100000|100%| S|CS|TAMS 0x00000000e6000000| PB 0x00000000e6000000| Complete 
|  97|0x00000000e6100000, 0x00000000e6100000, 0x00000000e6200000|  0%| F|  |TAMS 0x00000000e6100000| PB 0x00000000e6100000| Untracked 
|  98|0x00000000e6200000, 0x00000000e6300000, 0x00000000e6300000|100%| S|CS|TAMS 0x00000000e6200000| PB 0x00000000e6200000| Complete 
|  99|0x00000000e6300000, 0x00000000e6300000, 0x00000000e6400000|  0%| F|  |TAMS 0x00000000e6300000| PB 0x00000000e6300000| Untracked 
| 100|0x00000000e6400000, 0x00000000e6400000, 0x00000000e6500000|  0%| F|  |TAMS 0x00000000e6400000| PB 0x00000000e6400000| Untracked 
| 101|0x00000000e6500000, 0x00000000e6500000, 0x00000000e6600000|  0%| F|  |TAMS 0x00000000e6500000| PB 0x00000000e6500000| Untracked 
| 102|0x00000000e6600000, 0x00000000e6600000, 0x00000000e6700000|  0%| F|  |TAMS 0x00000000e6600000| PB 0x00000000e6600000| Untracked 
| 103|0x00000000e6700000, 0x00000000e6800000, 0x00000000e6800000|100%| S|CS|TAMS 0x00000000e6700000| PB 0x00000000e6700000| Complete 
| 104|0x00000000e6800000, 0x00000000e6900000, 0x00000000e6900000|100%| S|CS|TAMS 0x00000000e6800000| PB 0x00000000e6800000| Complete 
| 105|0x00000000e6900000, 0x00000000e6a00000, 0x00000000e6a00000|100%| S|CS|TAMS 0x00000000e6900000| PB 0x00000000e6900000| Complete 
| 106|0x00000000e6a00000, 0x00000000e6b00000, 0x00000000e6b00000|100%| S|CS|TAMS 0x00000000e6a00000| PB 0x00000000e6a00000| Complete 
| 107|0x00000000e6b00000, 0x00000000e6b00000, 0x00000000e6c00000|  0%| F|  |TAMS 0x00000000e6b00000| PB 0x00000000e6b00000| Untracked 
| 108|0x00000000e6c00000, 0x00000000e6d00000, 0x00000000e6d00000|100%| S|CS|TAMS 0x00000000e6c00000| PB 0x00000000e6c00000| Complete 
| 109|0x00000000e6d00000, 0x00000000e6d00000, 0x00000000e6e00000|  0%| F|  |TAMS 0x00000000e6d00000| PB 0x00000000e6d00000| Untracked 
| 110|0x00000000e6e00000, 0x00000000e6e00000, 0x00000000e6f00000|  0%| F|  |TAMS 0x00000000e6e00000| PB 0x00000000e6e00000| Untracked 
| 111|0x00000000e6f00000, 0x00000000e6f00000, 0x00000000e7000000|  0%| F|  |TAMS 0x00000000e6f00000| PB 0x00000000e6f00000| Untracked 
| 112|0x00000000e7000000, 0x00000000e7000000, 0x00000000e7100000|  0%| F|  |TAMS 0x00000000e7000000| PB 0x00000000e7000000| Untracked 
| 113|0x00000000e7100000, 0x00000000e7100000, 0x00000000e7200000|  0%| F|  |TAMS 0x00000000e7100000| PB 0x00000000e7100000| Untracked 
| 114|0x00000000e7200000, 0x00000000e7200000, 0x00000000e7300000|  0%| F|  |TAMS 0x00000000e7200000| PB 0x00000000e7200000| Untracked 
| 115|0x00000000e7300000, 0x00000000e7300000, 0x00000000e7400000|  0%| F|  |TAMS 0x00000000e7300000| PB 0x00000000e7300000| Untracked 
| 116|0x00000000e7400000, 0x00000000e7400000, 0x00000000e7500000|  0%| F|  |TAMS 0x00000000e7400000| PB 0x00000000e7400000| Untracked 
| 117|0x00000000e7500000, 0x00000000e7500000, 0x00000000e7600000|  0%| F|  |TAMS 0x00000000e7500000| PB 0x00000000e7500000| Untracked 
| 118|0x00000000e7600000, 0x00000000e7600000, 0x00000000e7700000|  0%| F|  |TAMS 0x00000000e7600000| PB 0x00000000e7600000| Untracked 
| 119|0x00000000e7700000, 0x00000000e7700000, 0x00000000e7800000|  0%| F|  |TAMS 0x00000000e7700000| PB 0x00000000e7700000| Untracked 
| 120|0x00000000e7800000, 0x00000000e7800000, 0x00000000e7900000|  0%| F|  |TAMS 0x00000000e7800000| PB 0x00000000e7800000| Untracked 
| 121|0x00000000e7900000, 0x00000000e7900000, 0x00000000e7a00000|  0%| F|  |TAMS 0x00000000e7900000| PB 0x00000000e7900000| Untracked 
| 122|0x00000000e7a00000, 0x00000000e7a00000, 0x00000000e7b00000|  0%| F|  |TAMS 0x00000000e7a00000| PB 0x00000000e7a00000| Untracked 
| 123|0x00000000e7b00000, 0x00000000e7b00000, 0x00000000e7c00000|  0%| F|  |TAMS 0x00000000e7b00000| PB 0x00000000e7b00000| Untracked 
| 124|0x00000000e7c00000, 0x00000000e7c00000, 0x00000000e7d00000|  0%| F|  |TAMS 0x00000000e7c00000| PB 0x00000000e7c00000| Untracked 
| 125|0x00000000e7d00000, 0x00000000e7d00000, 0x00000000e7e00000|  0%| F|  |TAMS 0x00000000e7d00000| PB 0x00000000e7d00000| Untracked 
| 126|0x00000000e7e00000, 0x00000000e7e00000, 0x00000000e7f00000|  0%| F|  |TAMS 0x00000000e7e00000| PB 0x00000000e7e00000| Untracked 
| 127|0x00000000e7f00000, 0x00000000e7f00000, 0x00000000e8000000|  0%| F|  |TAMS 0x00000000e7f00000| PB 0x00000000e7f00000| Untracked 
| 128|0x00000000e8000000, 0x00000000e8000000, 0x00000000e8100000|  0%| F|  |TAMS 0x00000000e8000000| PB 0x00000000e8000000| Untracked 
| 129|0x00000000e8100000, 0x00000000e8100000, 0x00000000e8200000|  0%| F|  |TAMS 0x00000000e8100000| PB 0x00000000e8100000| Untracked 
| 130|0x00000000e8200000, 0x00000000e8200000, 0x00000000e8300000|  0%| F|  |TAMS 0x00000000e8200000| PB 0x00000000e8200000| Untracked 
| 131|0x00000000e8300000, 0x00000000e8300000, 0x00000000e8400000|  0%| F|  |TAMS 0x00000000e8300000| PB 0x00000000e8300000| Untracked 
| 132|0x00000000e8400000, 0x00000000e8400000, 0x00000000e8500000|  0%| F|  |TAMS 0x00000000e8400000| PB 0x00000000e8400000| Untracked 
| 133|0x00000000e8500000, 0x00000000e8500000, 0x00000000e8600000|  0%| F|  |TAMS 0x00000000e8500000| PB 0x00000000e8500000| Untracked 
| 134|0x00000000e8600000, 0x00000000e8600000, 0x00000000e8700000|  0%| F|  |TAMS 0x00000000e8600000| PB 0x00000000e8600000| Untracked 
| 135|0x00000000e8700000, 0x00000000e8700000, 0x00000000e8800000|  0%| F|  |TAMS 0x00000000e8700000| PB 0x00000000e8700000| Untracked 
| 136|0x00000000e8800000, 0x00000000e8800000, 0x00000000e8900000|  0%| F|  |TAMS 0x00000000e8800000| PB 0x00000000e8800000| Untracked 
| 137|0x00000000e8900000, 0x00000000e8900000, 0x00000000e8a00000|  0%| F|  |TAMS 0x00000000e8900000| PB 0x00000000e8900000| Untracked 
| 138|0x00000000e8a00000, 0x00000000e8a00000, 0x00000000e8b00000|  0%| F|  |TAMS 0x00000000e8a00000| PB 0x00000000e8a00000| Untracked 
| 139|0x00000000e8b00000, 0x00000000e8b00000, 0x00000000e8c00000|  0%| F|  |TAMS 0x00000000e8b00000| PB 0x00000000e8b00000| Untracked 
| 140|0x00000000e8c00000, 0x00000000e8c00000, 0x00000000e8d00000|  0%| F|  |TAMS 0x00000000e8c00000| PB 0x00000000e8c00000| Untracked 
| 141|0x00000000e8d00000, 0x00000000e8d00000, 0x00000000e8e00000|  0%| F|  |TAMS 0x00000000e8d00000| PB 0x00000000e8d00000| Untracked 
| 142|0x00000000e8e00000, 0x00000000e8e00000, 0x00000000e8f00000|  0%| F|  |TAMS 0x00000000e8e00000| PB 0x00000000e8e00000| Untracked 
| 143|0x00000000e8f00000, 0x00000000e8f00000, 0x00000000e9000000|  0%| F|  |TAMS 0x00000000e8f00000| PB 0x00000000e8f00000| Untracked 
| 144|0x00000000e9000000, 0x00000000e9000000, 0x00000000e9100000|  0%| F|  |TAMS 0x00000000e9000000| PB 0x00000000e9000000| Untracked 
| 145|0x00000000e9100000, 0x00000000e9100000, 0x00000000e9200000|  0%| F|  |TAMS 0x00000000e9100000| PB 0x00000000e9100000| Untracked 
| 146|0x00000000e9200000, 0x00000000e9200000, 0x00000000e9300000|  0%| F|  |TAMS 0x00000000e9200000| PB 0x00000000e9200000| Untracked 
| 147|0x00000000e9300000, 0x00000000e9300000, 0x00000000e9400000|  0%| F|  |TAMS 0x00000000e9300000| PB 0x00000000e9300000| Untracked 
| 148|0x00000000e9400000, 0x00000000e9400000, 0x00000000e9500000|  0%| F|  |TAMS 0x00000000e9400000| PB 0x00000000e9400000| Untracked 
| 149|0x00000000e9500000, 0x00000000e9500000, 0x00000000e9600000|  0%| F|  |TAMS 0x00000000e9500000| PB 0x00000000e9500000| Untracked 
| 150|0x00000000e9600000, 0x00000000e9600000, 0x00000000e9700000|  0%| F|  |TAMS 0x00000000e9600000| PB 0x00000000e9600000| Untracked 
| 151|0x00000000e9700000, 0x00000000e9700000, 0x00000000e9800000|  0%| F|  |TAMS 0x00000000e9700000| PB 0x00000000e9700000| Untracked 
| 152|0x00000000e9800000, 0x00000000e9800000, 0x00000000e9900000|  0%| F|  |TAMS 0x00000000e9800000| PB 0x00000000e9800000| Untracked 
| 153|0x00000000e9900000, 0x00000000e9900000, 0x00000000e9a00000|  0%| F|  |TAMS 0x00000000e9900000| PB 0x00000000e9900000| Untracked 
| 154|0x00000000e9a00000, 0x00000000e9a00000, 0x00000000e9b00000|  0%| F|  |TAMS 0x00000000e9a00000| PB 0x00000000e9a00000| Untracked 
| 155|0x00000000e9b00000, 0x00000000e9b00000, 0x00000000e9c00000|  0%| F|  |TAMS 0x00000000e9b00000| PB 0x00000000e9b00000| Untracked 
| 156|0x00000000e9c00000, 0x00000000e9c00000, 0x00000000e9d00000|  0%| F|  |TAMS 0x00000000e9c00000| PB 0x00000000e9c00000| Untracked 
| 157|0x00000000e9d00000, 0x00000000e9d00000, 0x00000000e9e00000|  0%| F|  |TAMS 0x00000000e9d00000| PB 0x00000000e9d00000| Untracked 
| 158|0x00000000e9e00000, 0x00000000e9e00000, 0x00000000e9f00000|  0%| F|  |TAMS 0x00000000e9e00000| PB 0x00000000e9e00000| Untracked 
| 159|0x00000000e9f00000, 0x00000000e9f00000, 0x00000000ea000000|  0%| F|  |TAMS 0x00000000e9f00000| PB 0x00000000e9f00000| Untracked 
| 160|0x00000000ea000000, 0x00000000ea000000, 0x00000000ea100000|  0%| F|  |TAMS 0x00000000ea000000| PB 0x00000000ea000000| Untracked 
| 161|0x00000000ea100000, 0x00000000ea100000, 0x00000000ea200000|  0%| F|  |TAMS 0x00000000ea100000| PB 0x00000000ea100000| Untracked 
| 162|0x00000000ea200000, 0x00000000ea200000, 0x00000000ea300000|  0%| F|  |TAMS 0x00000000ea200000| PB 0x00000000ea200000| Untracked 
| 163|0x00000000ea300000, 0x00000000ea300000, 0x00000000ea400000|  0%| F|  |TAMS 0x00000000ea300000| PB 0x00000000ea300000| Untracked 
| 164|0x00000000ea400000, 0x00000000ea400000, 0x00000000ea500000|  0%| F|  |TAMS 0x00000000ea400000| PB 0x00000000ea400000| Untracked 
| 165|0x00000000ea500000, 0x00000000ea500000, 0x00000000ea600000|  0%| F|  |TAMS 0x00000000ea500000| PB 0x00000000ea500000| Untracked 
| 166|0x00000000ea600000, 0x00000000ea600000, 0x00000000ea700000|  0%| F|  |TAMS 0x00000000ea600000| PB 0x00000000ea600000| Untracked 
| 167|0x00000000ea700000, 0x00000000ea700000, 0x00000000ea800000|  0%| F|  |TAMS 0x00000000ea700000| PB 0x00000000ea700000| Untracked 
| 168|0x00000000ea800000, 0x00000000ea800000, 0x00000000ea900000|  0%| F|  |TAMS 0x00000000ea800000| PB 0x00000000ea800000| Untracked 
| 169|0x00000000ea900000, 0x00000000ea900000, 0x00000000eaa00000|  0%| F|  |TAMS 0x00000000ea900000| PB 0x00000000ea900000| Untracked 
| 170|0x00000000eaa00000, 0x00000000eaa00000, 0x00000000eab00000|  0%| F|  |TAMS 0x00000000eaa00000| PB 0x00000000eaa00000| Untracked 
| 171|0x00000000eab00000, 0x00000000eab00000, 0x00000000eac00000|  0%| F|  |TAMS 0x00000000eab00000| PB 0x00000000eab00000| Untracked 
| 172|0x00000000eac00000, 0x00000000eac00000, 0x00000000ead00000|  0%| F|  |TAMS 0x00000000eac00000| PB 0x00000000eac00000| Untracked 
| 173|0x00000000ead00000, 0x00000000ead00000, 0x00000000eae00000|  0%| F|  |TAMS 0x00000000ead00000| PB 0x00000000ead00000| Untracked 
| 174|0x00000000eae00000, 0x00000000eae00000, 0x00000000eaf00000|  0%| F|  |TAMS 0x00000000eae00000| PB 0x00000000eae00000| Untracked 
| 175|0x00000000eaf00000, 0x00000000eaf00000, 0x00000000eb000000|  0%| F|  |TAMS 0x00000000eaf00000| PB 0x00000000eaf00000| Untracked 
| 176|0x00000000eb000000, 0x00000000eb000000, 0x00000000eb100000|  0%| F|  |TAMS 0x00000000eb000000| PB 0x00000000eb000000| Untracked 
| 177|0x00000000eb100000, 0x00000000eb100000, 0x00000000eb200000|  0%| F|  |TAMS 0x00000000eb100000| PB 0x00000000eb100000| Untracked 
| 178|0x00000000eb200000, 0x00000000eb200000, 0x00000000eb300000|  0%| F|  |TAMS 0x00000000eb200000| PB 0x00000000eb200000| Untracked 
| 179|0x00000000eb300000, 0x00000000eb300000, 0x00000000eb400000|  0%| F|  |TAMS 0x00000000eb300000| PB 0x00000000eb300000| Untracked 
| 180|0x00000000eb400000, 0x00000000eb400000, 0x00000000eb500000|  0%| F|  |TAMS 0x00000000eb400000| PB 0x00000000eb400000| Untracked 
| 181|0x00000000eb500000, 0x00000000eb500000, 0x00000000eb600000|  0%| F|  |TAMS 0x00000000eb500000| PB 0x00000000eb500000| Untracked 
| 182|0x00000000eb600000, 0x00000000eb600000, 0x00000000eb700000|  0%| F|  |TAMS 0x00000000eb600000| PB 0x00000000eb600000| Untracked 
| 183|0x00000000eb700000, 0x00000000eb800000, 0x00000000eb800000|100%| E|  |TAMS 0x00000000eb700000| PB 0x00000000eb700000| Complete 
| 184|0x00000000eb800000, 0x00000000eb900000, 0x00000000eb900000|100%| E|CS|TAMS 0x00000000eb800000| PB 0x00000000eb800000| Complete 
| 185|0x00000000eb900000, 0x00000000eba00000, 0x00000000eba00000|100%| E|CS|TAMS 0x00000000eb900000| PB 0x00000000eb900000| Complete 
| 186|0x00000000eba00000, 0x00000000ebb00000, 0x00000000ebb00000|100%| E|CS|TAMS 0x00000000eba00000| PB 0x00000000eba00000| Complete 
| 187|0x00000000ebb00000, 0x00000000ebc00000, 0x00000000ebc00000|100%| E|CS|TAMS 0x00000000ebb00000| PB 0x00000000ebb00000| Complete 
| 188|0x00000000ebc00000, 0x00000000ebd00000, 0x00000000ebd00000|100%| E|CS|TAMS 0x00000000ebc00000| PB 0x00000000ebc00000| Complete 
| 189|0x00000000ebd00000, 0x00000000ebe00000, 0x00000000ebe00000|100%| E|CS|TAMS 0x00000000ebd00000| PB 0x00000000ebd00000| Complete 
| 190|0x00000000ebe00000, 0x00000000ebf00000, 0x00000000ebf00000|100%| E|CS|TAMS 0x00000000ebe00000| PB 0x00000000ebe00000| Complete 
| 191|0x00000000ebf00000, 0x00000000ec000000, 0x00000000ec000000|100%| E|CS|TAMS 0x00000000ebf00000| PB 0x00000000ebf00000| Complete 
| 192|0x00000000ec000000, 0x00000000ec100000, 0x00000000ec100000|100%| E|CS|TAMS 0x00000000ec000000| PB 0x00000000ec000000| Complete 
| 193|0x00000000ec100000, 0x00000000ec200000, 0x00000000ec200000|100%| E|CS|TAMS 0x00000000ec100000| PB 0x00000000ec100000| Complete 
| 194|0x00000000ec200000, 0x00000000ec300000, 0x00000000ec300000|100%| E|CS|TAMS 0x00000000ec200000| PB 0x00000000ec200000| Complete 
| 195|0x00000000ec300000, 0x00000000ec400000, 0x00000000ec400000|100%| E|CS|TAMS 0x00000000ec300000| PB 0x00000000ec300000| Complete 
| 196|0x00000000ec400000, 0x00000000ec500000, 0x00000000ec500000|100%| E|CS|TAMS 0x00000000ec400000| PB 0x00000000ec400000| Complete 
| 197|0x00000000ec500000, 0x00000000ec600000, 0x00000000ec600000|100%| E|CS|TAMS 0x00000000ec500000| PB 0x00000000ec500000| Complete 
| 198|0x00000000ec600000, 0x00000000ec700000, 0x00000000ec700000|100%| E|CS|TAMS 0x00000000ec600000| PB 0x00000000ec600000| Complete 
| 199|0x00000000ec700000, 0x00000000ec800000, 0x00000000ec800000|100%| E|CS|TAMS 0x00000000ec700000| PB 0x00000000ec700000| Complete 
| 200|0x00000000ec800000, 0x00000000ec900000, 0x00000000ec900000|100%| E|CS|TAMS 0x00000000ec800000| PB 0x00000000ec800000| Complete 
| 201|0x00000000ec900000, 0x00000000eca00000, 0x00000000eca00000|100%| E|CS|TAMS 0x00000000ec900000| PB 0x00000000ec900000| Complete 
| 202|0x00000000eca00000, 0x00000000ecb00000, 0x00000000ecb00000|100%| E|CS|TAMS 0x00000000eca00000| PB 0x00000000eca00000| Complete 
| 203|0x00000000ecb00000, 0x00000000ecc00000, 0x00000000ecc00000|100%| E|CS|TAMS 0x00000000ecb00000| PB 0x00000000ecb00000| Complete 
| 204|0x00000000ecc00000, 0x00000000ecd00000, 0x00000000ecd00000|100%| E|CS|TAMS 0x00000000ecc00000| PB 0x00000000ecc00000| Complete 
| 205|0x00000000ecd00000, 0x00000000ece00000, 0x00000000ece00000|100%| E|CS|TAMS 0x00000000ecd00000| PB 0x00000000ecd00000| Complete 
| 206|0x00000000ece00000, 0x00000000ecf00000, 0x00000000ecf00000|100%| E|CS|TAMS 0x00000000ece00000| PB 0x00000000ece00000| Complete 
| 207|0x00000000ecf00000, 0x00000000ed000000, 0x00000000ed000000|100%| E|CS|TAMS 0x00000000ecf00000| PB 0x00000000ecf00000| Complete 
| 208|0x00000000ed000000, 0x00000000ed100000, 0x00000000ed100000|100%| E|CS|TAMS 0x00000000ed000000| PB 0x00000000ed000000| Complete 
| 209|0x00000000ed100000, 0x00000000ed200000, 0x00000000ed200000|100%| E|CS|TAMS 0x00000000ed100000| PB 0x00000000ed100000| Complete 
| 210|0x00000000ed200000, 0x00000000ed300000, 0x00000000ed300000|100%| E|CS|TAMS 0x00000000ed200000| PB 0x00000000ed200000| Complete 
| 211|0x00000000ed300000, 0x00000000ed400000, 0x00000000ed400000|100%| E|CS|TAMS 0x00000000ed300000| PB 0x00000000ed300000| Complete 
| 212|0x00000000ed400000, 0x00000000ed500000, 0x00000000ed500000|100%| E|CS|TAMS 0x00000000ed400000| PB 0x00000000ed400000| Complete 
| 213|0x00000000ed500000, 0x00000000ed600000, 0x00000000ed600000|100%| E|CS|TAMS 0x00000000ed500000| PB 0x00000000ed500000| Complete 
| 214|0x00000000ed600000, 0x00000000ed700000, 0x00000000ed700000|100%| E|CS|TAMS 0x00000000ed600000| PB 0x00000000ed600000| Complete 
| 215|0x00000000ed700000, 0x00000000ed800000, 0x00000000ed800000|100%| E|CS|TAMS 0x00000000ed700000| PB 0x00000000ed700000| Complete 
| 216|0x00000000ed800000, 0x00000000ed900000, 0x00000000ed900000|100%| E|CS|TAMS 0x00000000ed800000| PB 0x00000000ed800000| Complete 
| 217|0x00000000ed900000, 0x00000000eda00000, 0x00000000eda00000|100%| E|CS|TAMS 0x00000000ed900000| PB 0x00000000ed900000| Complete 
| 218|0x00000000eda00000, 0x00000000edb00000, 0x00000000edb00000|100%| E|CS|TAMS 0x00000000eda00000| PB 0x00000000eda00000| Complete 
| 219|0x00000000edb00000, 0x00000000edc00000, 0x00000000edc00000|100%| E|CS|TAMS 0x00000000edb00000| PB 0x00000000edb00000| Complete 
| 220|0x00000000edc00000, 0x00000000edd00000, 0x00000000edd00000|100%| E|CS|TAMS 0x00000000edc00000| PB 0x00000000edc00000| Complete 
| 221|0x00000000edd00000, 0x00000000ede00000, 0x00000000ede00000|100%| E|CS|TAMS 0x00000000edd00000| PB 0x00000000edd00000| Complete 
| 222|0x00000000ede00000, 0x00000000edf00000, 0x00000000edf00000|100%| E|CS|TAMS 0x00000000ede00000| PB 0x00000000ede00000| Complete 
| 223|0x00000000edf00000, 0x00000000ee000000, 0x00000000ee000000|100%| E|CS|TAMS 0x00000000edf00000| PB 0x00000000edf00000| Complete 
| 224|0x00000000ee000000, 0x00000000ee100000, 0x00000000ee100000|100%| E|CS|TAMS 0x00000000ee000000| PB 0x00000000ee000000| Complete 
| 225|0x00000000ee100000, 0x00000000ee200000, 0x00000000ee200000|100%| E|CS|TAMS 0x00000000ee100000| PB 0x00000000ee100000| Complete 
| 226|0x00000000ee200000, 0x00000000ee300000, 0x00000000ee300000|100%| E|CS|TAMS 0x00000000ee200000| PB 0x00000000ee200000| Complete 
| 227|0x00000000ee300000, 0x00000000ee400000, 0x00000000ee400000|100%| E|CS|TAMS 0x00000000ee300000| PB 0x00000000ee300000| Complete 
| 228|0x00000000ee400000, 0x00000000ee500000, 0x00000000ee500000|100%| E|CS|TAMS 0x00000000ee400000| PB 0x00000000ee400000| Complete 
| 229|0x00000000ee500000, 0x00000000ee600000, 0x00000000ee600000|100%| E|CS|TAMS 0x00000000ee500000| PB 0x00000000ee500000| Complete 
| 230|0x00000000ee600000, 0x00000000ee700000, 0x00000000ee700000|100%| E|CS|TAMS 0x00000000ee600000| PB 0x00000000ee600000| Complete 
| 231|0x00000000ee700000, 0x00000000ee800000, 0x00000000ee800000|100%| E|CS|TAMS 0x00000000ee700000| PB 0x00000000ee700000| Complete 
| 232|0x00000000ee800000, 0x00000000ee900000, 0x00000000ee900000|100%| E|CS|TAMS 0x00000000ee800000| PB 0x00000000ee800000| Complete 
| 233|0x00000000ee900000, 0x00000000eea00000, 0x00000000eea00000|100%| E|CS|TAMS 0x00000000ee900000| PB 0x00000000ee900000| Complete 
| 234|0x00000000eea00000, 0x00000000eeb00000, 0x00000000eeb00000|100%| E|CS|TAMS 0x00000000eea00000| PB 0x00000000eea00000| Complete 
| 235|0x00000000eeb00000, 0x00000000eec00000, 0x00000000eec00000|100%| E|CS|TAMS 0x00000000eeb00000| PB 0x00000000eeb00000| Complete 
| 236|0x00000000eec00000, 0x00000000eed00000, 0x00000000eed00000|100%| E|CS|TAMS 0x00000000eec00000| PB 0x00000000eec00000| Complete 
| 237|0x00000000eed00000, 0x00000000eee00000, 0x00000000eee00000|100%| E|CS|TAMS 0x00000000eed00000| PB 0x00000000eed00000| Complete 
| 238|0x00000000eee00000, 0x00000000eef00000, 0x00000000eef00000|100%| E|CS|TAMS 0x00000000eee00000| PB 0x00000000eee00000| Complete 
| 239|0x00000000eef00000, 0x00000000ef000000, 0x00000000ef000000|100%| E|CS|TAMS 0x00000000eef00000| PB 0x00000000eef00000| Complete 
| 240|0x00000000ef000000, 0x00000000ef100000, 0x00000000ef100000|100%| E|CS|TAMS 0x00000000ef000000| PB 0x00000000ef000000| Complete 
| 241|0x00000000ef100000, 0x00000000ef200000, 0x00000000ef200000|100%| E|CS|TAMS 0x00000000ef100000| PB 0x00000000ef100000| Complete 
| 242|0x00000000ef200000, 0x00000000ef300000, 0x00000000ef300000|100%| E|CS|TAMS 0x00000000ef200000| PB 0x00000000ef200000| Complete 
| 243|0x00000000ef300000, 0x00000000ef400000, 0x00000000ef400000|100%| E|CS|TAMS 0x00000000ef300000| PB 0x00000000ef300000| Complete 
| 244|0x00000000ef400000, 0x00000000ef500000, 0x00000000ef500000|100%| E|CS|TAMS 0x00000000ef400000| PB 0x00000000ef400000| Complete 
| 245|0x00000000ef500000, 0x00000000ef600000, 0x00000000ef600000|100%| E|CS|TAMS 0x00000000ef500000| PB 0x00000000ef500000| Complete 
| 246|0x00000000ef600000, 0x00000000ef700000, 0x00000000ef700000|100%| E|CS|TAMS 0x00000000ef600000| PB 0x00000000ef600000| Complete 
| 247|0x00000000ef700000, 0x00000000ef800000, 0x00000000ef800000|100%| E|CS|TAMS 0x00000000ef700000| PB 0x00000000ef700000| Complete 
| 248|0x00000000ef800000, 0x00000000ef900000, 0x00000000ef900000|100%| E|CS|TAMS 0x00000000ef800000| PB 0x00000000ef800000| Complete 
| 249|0x00000000ef900000, 0x00000000efa00000, 0x00000000efa00000|100%| E|CS|TAMS 0x00000000ef900000| PB 0x00000000ef900000| Complete 
| 250|0x00000000efa00000, 0x00000000efb00000, 0x00000000efb00000|100%| E|CS|TAMS 0x00000000efa00000| PB 0x00000000efa00000| Complete 
| 251|0x00000000efb00000, 0x00000000efc00000, 0x00000000efc00000|100%| E|CS|TAMS 0x00000000efb00000| PB 0x00000000efb00000| Complete 
| 252|0x00000000efc00000, 0x00000000efd00000, 0x00000000efd00000|100%| E|CS|TAMS 0x00000000efc00000| PB 0x00000000efc00000| Complete 
| 253|0x00000000efd00000, 0x00000000efe00000, 0x00000000efe00000|100%| E|CS|TAMS 0x00000000efd00000| PB 0x00000000efd00000| Complete 
| 254|0x00000000efe00000, 0x00000000eff00000, 0x00000000eff00000|100%| E|CS|TAMS 0x00000000efe00000| PB 0x00000000efe00000| Complete 
| 255|0x00000000eff00000, 0x00000000f0000000, 0x00000000f0000000|100%| E|CS|TAMS 0x00000000eff00000| PB 0x00000000eff00000| Complete 

Card table byte_map: [0x0000021474f70000,0x0000021475070000] _byte_map_base: 0x0000021474870000

Marking Bits: (CMBitMap*) 0x000002146bf19e80
 Bits: [0x0000021475070000, 0x0000021475870000)

Polling page: 0x0000021469e70000

Metaspace:

Usage:
  Non-class:     40.39 MB used.
      Class:      6.54 MB used.
       Both:     46.93 MB used.

Virtual space:
  Non-class space:       64.00 MB reserved,      41.12 MB ( 64%) committed,  1 nodes.
      Class space:      320.00 MB reserved,       7.25 MB (  2%) committed,  1 nodes.
             Both:      384.00 MB reserved,      48.38 MB ( 13%) committed. 

Chunk freelists:
   Non-Class:  6.92 MB
       Class:  8.67 MB
        Both:  15.59 MB

MaxMetaspaceSize: 384.00 MB
CompressedClassSpaceSize: 320.00 MB
Initial GC threshold: 21.00 MB
Current GC threshold: 59.69 MB
CDS: on
 - commit_granule_bytes: 65536.
 - commit_granule_words: 8192.
 - virtual_space_node_default_size: 8388608.
 - enlarge_chunks_in_place: 1.
 - use_allocation_guard: 0.


Internal statistics:

num_allocs_failed_limit: 12.
num_arena_births: 2486.
num_arena_deaths: 0.
num_vsnodes_births: 2.
num_vsnodes_deaths: 0.
num_space_committed: 774.
num_space_uncommitted: 0.
num_chunks_returned_to_freelist: 12.
num_chunks_taken_from_freelist: 4571.
num_chunk_merges: 12.
num_chunk_splits: 3000.
num_chunks_enlarged: 1898.
num_inconsistent_stats: 0.

CodeHeap 'non-profiled nmethods': size=119168Kb used=7017Kb max_used=7017Kb free=112150Kb
 bounds [0x0000021407ba0000, 0x0000021408280000, 0x000002140f000000]
CodeHeap 'profiled nmethods': size=119104Kb used=15382Kb max_used=15382Kb free=103721Kb
 bounds [0x0000021400000000, 0x0000021400f10000, 0x0000021407450000]
CodeHeap 'non-nmethods': size=7488Kb used=4420Kb max_used=4529Kb free=3067Kb
 bounds [0x0000021407450000, 0x00000214078d0000, 0x0000021407ba0000]
 total_blobs=8201 nmethods=7337 adapters=763
 compilation: enabled
              stopped_count=0, restarted_count=0
 full_count=0

Compilation events (20 events):
Event: 20.267 Thread 0x00000214246d9c10 7799       4       org.objectweb.asm.SymbolTable::addType (81 bytes)
Event: 20.267 Thread 0x0000021478968e60 7800       3       org.gradle.internal.classpath.transforms.InstrumentingClassTransform::access$100 (4 bytes)
Event: 20.267 Thread 0x0000021478968e60 nmethod 7800 0x0000021400ed1e10 code [0x0000021400ed1fa0, 0x0000021400ed2098]
Event: 20.267 Thread 0x0000021478968e60 7801       3       java.lang.String::replaceAll (13 bytes)
Event: 20.268 Thread 0x0000021478968e60 nmethod 7801 0x0000021400ed2110 code [0x0000021400ed22e0, 0x0000021400ed2580]
Event: 20.268 Thread 0x0000021478968e60 7802       3       java.util.regex.Matcher::replaceAll (59 bytes)
Event: 20.268 Thread 0x0000021478968e60 nmethod 7802 0x0000021400ed2710 code [0x0000021400ed2980, 0x0000021400ed3240]
Event: 20.271 Thread 0x00000214246d9c10 nmethod 7799 0x0000021408254f10 code [0x00000214082550e0, 0x0000021408255558]
Event: 20.272 Thread 0x000002147dcce090 7803       3       org.gradle.internal.classpath.CallInterceptionClosureInstrumentingClassVisitor$MethodInstrumentationStrategy::lambda$static$3 (28 bytes)
Event: 20.273 Thread 0x0000021478a7dab0 7804       3       java.util.RegularEnumSet::add (9 bytes)
Event: 20.273 Thread 0x000002147dcce090 nmethod 7803 0x0000021400ed3590 code [0x0000021400ed3740, 0x0000021400ed3928]
Event: 20.273 Thread 0x000002147d75a050 7805       3       java.util.RegularEnumSet::add (40 bytes)
Event: 20.273 Thread 0x0000021478968e60 7806       3       java.util.EnumSet::typeCheck (59 bytes)
Event: 20.273 Thread 0x0000021478a7dab0 nmethod 7804 0x0000021400ed3a10 code [0x0000021400ed3bc0, 0x0000021400ed3df8]
Event: 20.273 Thread 0x000002147d75a050 nmethod 7805 0x0000021400ed3e90 code [0x0000021400ed4040, 0x0000021400ed4228]
Event: 20.273 Thread 0x0000021478968e60 nmethod 7806 0x0000021400ed4310 code [0x0000021400ed45c0, 0x0000021400ed5008]
Event: 20.304 Thread 0x0000021426a48690 7807       4       org.objectweb.asm.tree.MethodNode::visitVarInsn (17 bytes)
Event: 20.317 Thread 0x0000021426a48690 nmethod 7807 0x0000021408255810 code [0x00000214082559c0, 0x0000021408255fc0]
Event: 20.321 Thread 0x0000021426824ea0 nmethod 7789 0x0000021408256090 code [0x00000214082567e0, 0x0000021408259ff0]
Event: 20.322 Thread 0x00000214246d9c10 7808       4       org.objectweb.asm.tree.MethodNode::getLabelNodes (55 bytes)

GC Heap History (20 events):
Event: 18.071 GC heap before
{Heap before GC invocations=10 (full 0):
 garbage-first heap   total 262144K, used 202140K [0x00000000e0000000, 0x0000000100000000)
  region size 1024K, 153 young (156672K), 14 survivors (14336K)
 Metaspace       used 47902K, committed 49408K, reserved 393216K
  class space    used 6687K, committed 7424K, reserved 327680K
}
Event: 18.075 GC heap after
{Heap after GC invocations=11 (full 0):
 garbage-first heap   total 262144K, used 62353K [0x00000000e0000000, 0x0000000100000000)
  region size 1024K, 7 young (7168K), 7 survivors (7168K)
 Metaspace       used 47902K, committed 49408K, reserved 393216K
  class space    used 6687K, committed 7424K, reserved 327680K
}
Event: 18.254 GC heap before
{Heap before GC invocations=11 (full 0):
 garbage-first heap   total 262144K, used 210833K [0x00000000e0000000, 0x0000000100000000)
  region size 1024K, 153 young (156672K), 7 survivors (7168K)
 Metaspace       used 47910K, committed 49408K, reserved 393216K
  class space    used 6688K, committed 7424K, reserved 327680K
}
Event: 18.257 GC heap after
{Heap after GC invocations=12 (full 0):
 garbage-first heap   total 262144K, used 64415K [0x00000000e0000000, 0x0000000100000000)
  region size 1024K, 9 young (9216K), 9 survivors (9216K)
 Metaspace       used 47910K, committed 49408K, reserved 393216K
  class space    used 6688K, committed 7424K, reserved 327680K
}
Event: 18.420 GC heap before
{Heap before GC invocations=12 (full 0):
 garbage-first heap   total 262144K, used 211871K [0x00000000e0000000, 0x0000000100000000)
  region size 1024K, 153 young (156672K), 9 survivors (9216K)
 Metaspace       used 47911K, committed 49408K, reserved 393216K
  class space    used 6688K, committed 7424K, reserved 327680K
}
Event: 18.423 GC heap after
{Heap after GC invocations=13 (full 0):
 garbage-first heap   total 262144K, used 66542K [0x00000000e0000000, 0x0000000100000000)
  region size 1024K, 11 young (11264K), 11 survivors (11264K)
 Metaspace       used 47911K, committed 49408K, reserved 393216K
  class space    used 6688K, committed 7424K, reserved 327680K
}
Event: 18.606 GC heap before
{Heap before GC invocations=13 (full 0):
 garbage-first heap   total 262144K, used 216046K [0x00000000e0000000, 0x0000000100000000)
  region size 1024K, 153 young (156672K), 11 survivors (11264K)
 Metaspace       used 47924K, committed 49408K, reserved 393216K
  class space    used 6688K, committed 7424K, reserved 327680K
}
Event: 18.609 GC heap after
{Heap after GC invocations=14 (full 0):
 garbage-first heap   total 262144K, used 65130K [0x00000000e0000000, 0x0000000100000000)
  region size 1024K, 10 young (10240K), 10 survivors (10240K)
 Metaspace       used 47924K, committed 49408K, reserved 393216K
  class space    used 6688K, committed 7424K, reserved 327680K
}
Event: 18.834 GC heap before
{Heap before GC invocations=14 (full 0):
 garbage-first heap   total 262144K, used 211562K [0x00000000e0000000, 0x0000000100000000)
  region size 1024K, 153 young (156672K), 10 survivors (10240K)
 Metaspace       used 47960K, committed 49408K, reserved 393216K
  class space    used 6692K, committed 7424K, reserved 327680K
}
Event: 18.837 GC heap after
{Heap after GC invocations=15 (full 0):
 garbage-first heap   total 262144K, used 67566K [0x00000000e0000000, 0x0000000100000000)
  region size 1024K, 12 young (12288K), 12 survivors (12288K)
 Metaspace       used 47960K, committed 49408K, reserved 393216K
  class space    used 6692K, committed 7424K, reserved 327680K
}
Event: 19.123 GC heap before
{Heap before GC invocations=15 (full 0):
 garbage-first heap   total 262144K, used 217070K [0x00000000e0000000, 0x0000000100000000)
  region size 1024K, 153 young (156672K), 12 survivors (12288K)
 Metaspace       used 47975K, committed 49408K, reserved 393216K
  class space    used 6692K, committed 7424K, reserved 327680K
}
Event: 19.134 GC heap after
{Heap after GC invocations=16 (full 0):
 garbage-first heap   total 262144K, used 61287K [0x00000000e0000000, 0x0000000100000000)
  region size 1024K, 4 young (4096K), 4 survivors (4096K)
 Metaspace       used 47975K, committed 49408K, reserved 393216K
  class space    used 6692K, committed 7424K, reserved 327680K
}
Event: 19.468 GC heap before
{Heap before GC invocations=16 (full 0):
 garbage-first heap   total 262144K, used 213863K [0x00000000e0000000, 0x0000000100000000)
  region size 1024K, 153 young (156672K), 4 survivors (4096K)
 Metaspace       used 48038K, committed 49536K, reserved 393216K
  class space    used 6692K, committed 7424K, reserved 327680K
}
Event: 19.470 GC heap after
{Heap after GC invocations=17 (full 0):
 garbage-first heap   total 262144K, used 61346K [0x00000000e0000000, 0x0000000100000000)
  region size 1024K, 4 young (4096K), 4 survivors (4096K)
 Metaspace       used 48038K, committed 49536K, reserved 393216K
  class space    used 6692K, committed 7424K, reserved 327680K
}
Event: 19.745 GC heap before
{Heap before GC invocations=17 (full 0):
 garbage-first heap   total 262144K, used 213922K [0x00000000e0000000, 0x0000000100000000)
  region size 1024K, 153 young (156672K), 4 survivors (4096K)
 Metaspace       used 48043K, committed 49536K, reserved 393216K
  class space    used 6692K, committed 7424K, reserved 327680K
}
Event: 19.747 GC heap after
{Heap after GC invocations=18 (full 0):
 garbage-first heap   total 262144K, used 62670K [0x00000000e0000000, 0x0000000100000000)
  region size 1024K, 5 young (5120K), 5 survivors (5120K)
 Metaspace       used 48043K, committed 49536K, reserved 393216K
  class space    used 6692K, committed 7424K, reserved 327680K
}
Event: 20.048 GC heap before
{Heap before GC invocations=18 (full 0):
 garbage-first heap   total 262144K, used 214222K [0x00000000e0000000, 0x0000000100000000)
  region size 1024K, 153 young (156672K), 5 survivors (5120K)
 Metaspace       used 48045K, committed 49536K, reserved 393216K
  class space    used 6693K, committed 7424K, reserved 327680K
}
Event: 20.051 GC heap after
{Heap after GC invocations=19 (full 0):
 garbage-first heap   total 262144K, used 63935K [0x00000000e0000000, 0x0000000100000000)
  region size 1024K, 6 young (6144K), 6 survivors (6144K)
 Metaspace       used 48045K, committed 49536K, reserved 393216K
  class space    used 6693K, committed 7424K, reserved 327680K
}
Event: 20.258 GC heap before
{Heap before GC invocations=19 (full 0):
 garbage-first heap   total 262144K, used 214463K [0x00000000e0000000, 0x0000000100000000)
  region size 1024K, 153 young (156672K), 6 survivors (6144K)
 Metaspace       used 48046K, committed 49536K, reserved 393216K
  class space    used 6693K, committed 7424K, reserved 327680K
}
Event: 20.260 GC heap after
{Heap after GC invocations=20 (full 0):
 garbage-first heap   total 262144K, used 65689K [0x00000000e0000000, 0x0000000100000000)
  region size 1024K, 8 young (8192K), 8 survivors (8192K)
 Metaspace       used 48046K, committed 49536K, reserved 393216K
  class space    used 6693K, committed 7424K, reserved 327680K
}

Dll operation events (15 events):
Event: 0.028 Loaded shared library C:\Users\User\.jdks\corretto-21.0.3\bin\java.dll
Event: 0.057 Loaded shared library C:\Users\User\.jdks\corretto-21.0.3\bin\jsvml.dll
Event: 0.102 Loaded shared library C:\Users\User\.jdks\corretto-21.0.3\bin\zip.dll
Event: 0.107 Loaded shared library C:\Users\User\.jdks\corretto-21.0.3\bin\instrument.dll
Event: 0.117 Loaded shared library C:\Users\User\.jdks\corretto-21.0.3\bin\net.dll
Event: 0.121 Loaded shared library C:\Users\User\.jdks\corretto-21.0.3\bin\nio.dll
Event: 0.135 Loaded shared library C:\Users\User\.jdks\corretto-21.0.3\bin\zip.dll
Event: 3.091 Loaded shared library C:\Users\User\.jdks\corretto-21.0.3\bin\jimage.dll
Event: 3.994 Loaded shared library C:\Users\User\.jdks\corretto-21.0.3\bin\verify.dll
Event: 5.813 Loaded shared library C:\Users\User\.gradle\native\c067742578af261105cb4f569cf0c3c89f3d7b1fecec35dd04571415982c5e48\windows-amd64\native-platform.dll
Event: 5.881 Loaded shared library C:\Users\User\.gradle\native\38dada09dfb8b06ba9b0570ebf7e218e3eb74d4ef43ca46872605cf95ebc2f47\windows-amd64\native-platform-file-events.dll
Event: 11.044 Loaded shared library C:\Users\User\.jdks\corretto-21.0.3\bin\management.dll
Event: 11.054 Loaded shared library C:\Users\User\.jdks\corretto-21.0.3\bin\management_ext.dll
Event: 11.249 Loaded shared library C:\Users\User\.jdks\corretto-21.0.3\bin\extnet.dll
Event: 11.379 Loaded shared library C:\Users\User\.jdks\corretto-21.0.3\bin\sunmscapi.dll

Deoptimization events (20 events):
Event: 20.273 Thread 0x0000021424727b80 DEOPT PACKING pc=0x0000021400a64685 sp=0x000000c61aafe180
Event: 20.273 Thread 0x0000021424727b80 DEOPT UNPACKING pc=0x00000214074a4e42 sp=0x000000c61aafd890 mode 0
Event: 20.274 Thread 0x00000214248b7ef0 DEOPT PACKING pc=0x0000021400a64e91 sp=0x000000c61e2fdeb0
Event: 20.274 Thread 0x00000214248b7ef0 DEOPT UNPACKING pc=0x00000214074a4e42 sp=0x000000c61e2fd5c0 mode 0
Event: 20.279 Thread 0x0000021424727b80 DEOPT PACKING pc=0x0000021400a64e91 sp=0x000000c61aafe180
Event: 20.279 Thread 0x0000021424727b80 DEOPT UNPACKING pc=0x00000214074a4e42 sp=0x000000c61aafd890 mode 0
Event: 20.280 Thread 0x0000021424727b80 DEOPT PACKING pc=0x0000021400a64e91 sp=0x000000c61aafe180
Event: 20.280 Thread 0x0000021424727b80 DEOPT UNPACKING pc=0x00000214074a4e42 sp=0x000000c61aafd890 mode 0
Event: 20.284 Thread 0x0000021424727b80 DEOPT PACKING pc=0x0000021400a64e91 sp=0x000000c61aafe180
Event: 20.284 Thread 0x0000021424727b80 DEOPT UNPACKING pc=0x00000214074a4e42 sp=0x000000c61aafd890 mode 0
Event: 20.287 Thread 0x0000021424727b80 DEOPT PACKING pc=0x0000021400a64e91 sp=0x000000c61aafe180
Event: 20.287 Thread 0x0000021424727b80 DEOPT UNPACKING pc=0x00000214074a4e42 sp=0x000000c61aafd890 mode 0
Event: 20.292 Thread 0x0000021424727b80 DEOPT PACKING pc=0x0000021400a64e91 sp=0x000000c61aafe180
Event: 20.292 Thread 0x0000021424727b80 DEOPT UNPACKING pc=0x00000214074a4e42 sp=0x000000c61aafd890 mode 0
Event: 20.295 Thread 0x0000021424727b80 DEOPT PACKING pc=0x0000021400a64e91 sp=0x000000c61aafe180
Event: 20.295 Thread 0x0000021424727b80 DEOPT UNPACKING pc=0x00000214074a4e42 sp=0x000000c61aafd890 mode 0
Event: 20.298 Thread 0x0000021424727b80 DEOPT PACKING pc=0x0000021400a64e91 sp=0x000000c61aafe180
Event: 20.298 Thread 0x0000021424727b80 DEOPT UNPACKING pc=0x00000214074a4e42 sp=0x000000c61aafd890 mode 0
Event: 20.316 Thread 0x0000021424727b80 DEOPT PACKING pc=0x0000021400a64e91 sp=0x000000c61aafe180
Event: 20.316 Thread 0x0000021424727b80 DEOPT UNPACKING pc=0x00000214074a4e42 sp=0x000000c61aafd890 mode 0

Classes loaded (20 events):
Event: 17.535 Loading class java/util/function/IntBinaryOperator
Event: 17.535 Loading class java/util/function/IntBinaryOperator done
Event: 17.600 Loading class java/lang/invoke/BoundMethodHandle$Species_LLLLLLLLLLLLLLLLLLLLLLLLLL
Event: 17.600 Loading class java/lang/invoke/BoundMethodHandle$Species_LLLLLLLLLLLLLLLLLLLLLLLLLL done
Event: 17.747 Loading class java/lang/StringIndexOutOfBoundsException
Event: 17.747 Loading class java/lang/StringIndexOutOfBoundsException done
Event: 17.756 Loading class java/io/DeleteOnExitHook
Event: 17.756 Loading class java/io/DeleteOnExitHook done
Event: 17.756 Loading class java/io/DeleteOnExitHook$1
Event: 17.756 Loading class java/io/DeleteOnExitHook$1 done
Event: 17.790 Loading class java/util/zip/ZipFile$ZipEntryIterator
Event: 17.790 Loading class java/util/zip/ZipFile$ZipEntryIterator done
Event: 17.814 Loading class java/util/zip/ZipInputStream
Event: 17.814 Loading class java/util/zip/ZipInputStream done
Event: 17.817 Loading class java/security/Key
Event: 17.817 Loading class java/security/Key done
Event: 17.859 Loading class java/lang/foreign/MemorySegment
Event: 17.860 Loading class java/lang/foreign/MemorySegment done
Event: 18.742 Loading class java/io/PushbackInputStream
Event: 18.743 Loading class java/io/PushbackInputStream done

Classes unloaded (0 events):
No events

Classes redefined (0 events):
No events

Internal exceptions (20 events):
Event: 17.812 Thread 0x00000214248b9fc0 Exception <a 'sun/nio/fs/WindowsException'{0x00000000ec29a8d8}> (0x00000000ec29a8d8) 
thrown [s\src\hotspot\share\prims\jni.cpp, line 520]
Event: 17.812 Thread 0x0000021424721fa0 Exception <a 'sun/nio/fs/WindowsException'{0x00000000ebaa81c8}> (0x00000000ebaa81c8) 
thrown [s\src\hotspot\share\prims\jni.cpp, line 520]
Event: 17.813 Thread 0x00000214248bdad0 Exception <a 'sun/nio/fs/WindowsException'{0x00000000eb84e710}> (0x00000000eb84e710) 
thrown [s\src\hotspot\share\prims\jni.cpp, line 520]
Event: 17.841 Thread 0x0000021424722cc0 Exception <a 'sun/nio/fs/WindowsException'{0x00000000ea4f0cf0}> (0x00000000ea4f0cf0) 
thrown [s\src\hotspot\share\prims\jni.cpp, line 520]
Event: 17.857 Thread 0x00000214248b9fc0 Exception <a 'sun/nio/fs/WindowsException'{0x00000000e965e648}> (0x00000000e965e648) 
thrown [s\src\hotspot\share\prims\jni.cpp, line 520]
Event: 17.858 Thread 0x00000214248b9fc0 Exception <a 'sun/nio/fs/WindowsException'{0x00000000e965e7e8}> (0x00000000e965e7e8) 
thrown [s\src\hotspot\share\prims\jni.cpp, line 520]
Event: 17.907 Thread 0x00000214248b8580 Exception <a 'sun/nio/fs/WindowsException'{0x00000000eff53a30}> (0x00000000eff53a30) 
thrown [s\src\hotspot\share\prims\jni.cpp, line 520]
Event: 17.952 Thread 0x00000214248bdad0 Exception <a 'sun/nio/fs/WindowsException'{0x00000000edbc9f88}> (0x00000000edbc9f88) 
thrown [s\src\hotspot\share\prims\jni.cpp, line 520]
Event: 17.959 Thread 0x00000214248bdad0 Exception <a 'sun/nio/fs/WindowsException'{0x00000000edbca150}> (0x00000000edbca150) 
thrown [s\src\hotspot\share\prims\jni.cpp, line 520]
Event: 17.981 Thread 0x00000214248b9930 Exception <a 'sun/nio/fs/WindowsException'{0x00000000ebe58250}> (0x00000000ebe58250) 
thrown [s\src\hotspot\share\prims\jni.cpp, line 520]
Event: 17.982 Thread 0x00000214248b9930 Exception <a 'sun/nio/fs/WindowsException'{0x00000000ebe583c0}> (0x00000000ebe583c0) 
thrown [s\src\hotspot\share\prims\jni.cpp, line 520]
Event: 18.052 Thread 0x0000021424721fa0 Exception <a 'sun/nio/fs/WindowsException'{0x00000000e81836e8}> (0x00000000e81836e8) 
thrown [s\src\hotspot\share\prims\jni.cpp, line 520]
Event: 18.052 Thread 0x0000021424721fa0 Exception <a 'sun/nio/fs/WindowsException'{0x00000000e81838b0}> (0x00000000e81838b0) 
thrown [s\src\hotspot\share\prims\jni.cpp, line 520]
Event: 18.230 Thread 0x0000021424722cc0 Exception <a 'sun/nio/fs/WindowsException'{0x00000000e84826e8}> (0x00000000e84826e8) 
thrown [s\src\hotspot\share\prims\jni.cpp, line 520]
Event: 18.231 Thread 0x0000021424722cc0 Exception <a 'sun/nio/fs/WindowsException'{0x00000000e8482870}> (0x00000000e8482870) 
thrown [s\src\hotspot\share\prims\jni.cpp, line 520]
Event: 18.514 Thread 0x0000021424727b80 Exception <a 'sun/nio/fs/WindowsException'{0x00000000ebbbf078}> (0x00000000ebbbf078) 
thrown [s\src\hotspot\share\prims\jni.cpp, line 520]
Event: 18.843 Thread 0x00000214248b8580 Exception <a 'sun/nio/fs/WindowsException'{0x00000000efa260b8}> (0x00000000efa260b8) 
thrown [s\src\hotspot\share\prims\jni.cpp, line 520]
Event: 18.844 Thread 0x00000214248b8580 Exception <a 'sun/nio/fs/WindowsException'{0x00000000efa26260}> (0x00000000efa26260) 
thrown [s\src\hotspot\share\prims\jni.cpp, line 520]
Event: 18.852 Thread 0x0000021424727b80 Implicit null exception at 0x000002140807e5c7 to 0x000002140807e7f8
Event: 19.075 Thread 0x00000214248b7ef0 Exception <a 'sun/nio/fs/WindowsException'{0x00000000e8c2b910}> (0x00000000e8c2b910) 
thrown [s\src\hotspot\share\prims\jni.cpp, line 520]

ZGC Phase Switch (0 events):
No events

VM Operations (20 events):
Event: 18.420 Executing VM operation: G1CollectForAllocation (G1 Evacuation Pause)
Event: 18.423 Executing VM operation: G1CollectForAllocation (G1 Evacuation Pause) done
Event: 18.606 Executing VM operation: G1CollectForAllocation (G1 Evacuation Pause)
Event: 18.609 Executing VM operation: G1CollectForAllocation (G1 Evacuation Pause) done
Event: 18.745 Executing VM operation: HandshakeAllThreads (Deoptimize)
Event: 18.745 Executing VM operation: HandshakeAllThreads (Deoptimize) done
Event: 18.746 Executing VM operation: HandshakeAllThreads (Deoptimize)
Event: 18.746 Executing VM operation: HandshakeAllThreads (Deoptimize) done
Event: 18.834 Executing VM operation: G1CollectForAllocation (G1 Evacuation Pause)
Event: 18.837 Executing VM operation: G1CollectForAllocation (G1 Evacuation Pause) done
Event: 19.123 Executing VM operation: G1CollectForAllocation (G1 Evacuation Pause)
Event: 19.134 Executing VM operation: G1CollectForAllocation (G1 Evacuation Pause) done
Event: 19.453 Executing VM operation: G1CollectForAllocation (G1 Evacuation Pause)
Event: 19.470 Executing VM operation: G1CollectForAllocation (G1 Evacuation Pause) done
Event: 19.745 Executing VM operation: G1CollectForAllocation (G1 Evacuation Pause)
Event: 19.747 Executing VM operation: G1CollectForAllocation (G1 Evacuation Pause) done
Event: 20.048 Executing VM operation: G1CollectForAllocation (G1 Evacuation Pause)
Event: 20.051 Executing VM operation: G1CollectForAllocation (G1 Evacuation Pause) done
Event: 20.258 Executing VM operation: G1CollectForAllocation (G1 Evacuation Pause)
Event: 20.261 Executing VM operation: G1CollectForAllocation (G1 Evacuation Pause) done

Events (20 events):
Event: 15.684 Thread 0x000002147881c3f0 flushing nmethod 0x0000021407bfc090
Event: 15.684 Thread 0x000002147881c3f0 flushing nmethod 0x0000021407bc6090
Event: 15.684 Thread 0x000002147881c3f0 flushing nmethod 0x0000021407bd2b90
Event: 15.684 Thread 0x000002147881c3f0 flushing nmethod 0x0000021407bd6990
Event: 15.684 Thread 0x000002147881c3f0 flushing nmethod 0x0000021407bd5890
Event: 15.684 Thread 0x000002147881c3f0 flushing nmethod 0x0000021407bcaa10
Event: 15.684 Thread 0x000002147881c3f0 flushing nmethod 0x0000021407bc3790
Event: 15.684 Thread 0x000002147881c3f0 flushing nmethod 0x0000021407bc2b10
Event: 15.684 Thread 0x000002147881c3f0 flushing nmethod 0x0000021407ba9e90
Event: 15.701 Thread 0x000002147d9d91d0 Thread added: 0x000002147d9d91d0
Event: 16.218 Thread 0x00000214248bdad0 Thread added: 0x00000214248bdad0
Event: 16.226 Thread 0x000002147d9d91d0 Thread exited: 0x000002147d9d91d0
Event: 16.376 Thread 0x00000214248b9930 Thread added: 0x00000214248b9930
Event: 16.592 Thread 0x00000214248b7ef0 Thread added: 0x00000214248b7ef0
Event: 16.648 Thread 0x00000214248b9fc0 Thread added: 0x00000214248b9fc0
Event: 17.468 Thread 0x00000214248b8580 Thread added: 0x00000214248b8580
Event: 17.484 Thread 0x00000214251ec2d0 Thread exited: 0x00000214251ec2d0
Event: 17.857 Thread 0x0000021426a48690 Thread added: 0x0000021426a48690
Event: 17.857 Thread 0x0000021426824ea0 Thread added: 0x0000021426824ea0
Event: 17.857 Thread 0x0000021426a40480 Thread added: 0x0000021426a40480


Dynamic libraries:
0x00007ff75f3d0000 - 0x00007ff75f3de000 	C:\Users\User\.jdks\corretto-21.0.3\bin\java.exe
0x00007ff9d0d10000 - 0x00007ff9d0f08000 	C:\WINDOWS\SYSTEM32\ntdll.dll
0x00007ff9d0460000 - 0x00007ff9d051d000 	C:\WINDOWS\System32\KERNEL32.DLL
0x00007ff9ce5f0000 - 0x00007ff9ce8e6000 	C:\WINDOWS\System32\KERNELBASE.dll
0x00007ff9ce8f0000 - 0x00007ff9ce9f0000 	C:\WINDOWS\System32\ucrtbase.dll
0x00007ff99ac80000 - 0x00007ff99ac9b000 	C:\Users\User\.jdks\corretto-21.0.3\bin\VCRUNTIME140.dll
0x00007ff97de60000 - 0x00007ff97de78000 	C:\Users\User\.jdks\corretto-21.0.3\bin\jli.dll
0x00007ff9cf9a0000 - 0x00007ff9cfb3f000 	C:\WINDOWS\System32\USER32.dll
0x00007ff9ce3c0000 - 0x00007ff9ce3e2000 	C:\WINDOWS\System32\win32u.dll
0x00007ff9cd790000 - 0x00007ff9cda2a000 	C:\WINDOWS\WinSxS\amd64_microsoft.windows.common-controls_6595b64144ccf1df_6.0.19041.3636_none_60b6a03d71f818d5\COMCTL32.dll
0x00007ff9d0830000 - 0x00007ff9d085b000 	C:\WINDOWS\System32\GDI32.dll
0x00007ff9ced60000 - 0x00007ff9cedfe000 	C:\WINDOWS\System32\msvcrt.dll
0x00007ff9ceb90000 - 0x00007ff9ceca7000 	C:\WINDOWS\System32\gdi32full.dll
0x00007ff9ceaf0000 - 0x00007ff9ceb8d000 	C:\WINDOWS\System32\msvcp_win.dll
0x00007ff9cf500000 - 0x00007ff9cf532000 	C:\WINDOWS\System32\IMM32.DLL
0x00007ff9c85a0000 - 0x00007ff9c85ac000 	C:\Users\User\.jdks\corretto-21.0.3\bin\vcruntime140_1.dll
0x00007ff8e7100000 - 0x00007ff8e718d000 	C:\Users\User\.jdks\corretto-21.0.3\bin\msvcp140.dll
0x00007ff8e6360000 - 0x00007ff8e70f1000 	C:\Users\User\.jdks\corretto-21.0.3\bin\server\jvm.dll
0x00007ff9cf890000 - 0x00007ff9cf940000 	C:\WINDOWS\System32\ADVAPI32.dll
0x00007ff9d05b0000 - 0x00007ff9d0650000 	C:\WINDOWS\System32\sechost.dll
0x00007ff9cf5f0000 - 0x00007ff9cf713000 	C:\WINDOWS\System32\RPCRT4.dll
0x00007ff9ce3f0000 - 0x00007ff9ce417000 	C:\WINDOWS\System32\bcrypt.dll
0x00007ff9d03f0000 - 0x00007ff9d045b000 	C:\WINDOWS\System32\WS2_32.dll
0x00007ff9cdfc0000 - 0x00007ff9ce00b000 	C:\WINDOWS\SYSTEM32\POWRPROF.dll
0x00007ff9bd680000 - 0x00007ff9bd6a7000 	C:\WINDOWS\SYSTEM32\WINMM.dll
0x00007ff9c77c0000 - 0x00007ff9c77ca000 	C:\WINDOWS\SYSTEM32\VERSION.dll
0x00007ff9cdb20000 - 0x00007ff9cdb32000 	C:\WINDOWS\SYSTEM32\UMPDC.dll
0x00007ff9cb570000 - 0x00007ff9cb582000 	C:\WINDOWS\SYSTEM32\kernel.appcore.dll
0x00007ff9a83a0000 - 0x00007ff9a83aa000 	C:\Users\User\.jdks\corretto-21.0.3\bin\jimage.dll
0x00007ff9cdd50000 - 0x00007ff9cdf34000 	C:\WINDOWS\SYSTEM32\DBGHELP.DLL
0x00007ff9cdb60000 - 0x00007ff9cdb94000 	C:\WINDOWS\SYSTEM32\dbgcore.DLL
0x00007ff9cecb0000 - 0x00007ff9ced32000 	C:\WINDOWS\System32\bcryptPrimitives.dll
0x00007ff9a7820000 - 0x00007ff9a782e000 	C:\Users\User\.jdks\corretto-21.0.3\bin\instrument.dll
0x00007ff9731c0000 - 0x00007ff9731df000 	C:\Users\User\.jdks\corretto-21.0.3\bin\java.dll
0x00007ff9cfb40000 - 0x00007ff9d02ab000 	C:\WINDOWS\System32\SHELL32.dll
0x00007ff9cb770000 - 0x00007ff9cbf0e000 	C:\WINDOWS\SYSTEM32\windows.storage.dll
0x00007ff9cf010000 - 0x00007ff9cf363000 	C:\WINDOWS\System32\combase.dll
0x00007ff9cd6f0000 - 0x00007ff9cd71e000 	C:\WINDOWS\SYSTEM32\Wldp.dll
0x00007ff9cf7c0000 - 0x00007ff9cf88d000 	C:\WINDOWS\System32\OLEAUT32.dll
0x00007ff9d0660000 - 0x00007ff9d070d000 	C:\WINDOWS\System32\SHCORE.dll
0x00007ff9cee00000 - 0x00007ff9cee55000 	C:\WINDOWS\System32\shlwapi.dll
0x00007ff9ce2f0000 - 0x00007ff9ce313000 	C:\WINDOWS\SYSTEM32\profapi.dll
0x00007ff8e6280000 - 0x00007ff8e6357000 	C:\Users\User\.jdks\corretto-21.0.3\bin\jsvml.dll
0x00007ff95d440000 - 0x00007ff95d458000 	C:\Users\User\.jdks\corretto-21.0.3\bin\zip.dll
0x00007ff9a3f40000 - 0x00007ff9a3f50000 	C:\Users\User\.jdks\corretto-21.0.3\bin\net.dll
0x00007ff9c7660000 - 0x00007ff9c776a000 	C:\WINDOWS\SYSTEM32\WINHTTP.dll
0x00007ff9cd5c0000 - 0x00007ff9cd62a000 	C:\WINDOWS\system32\mswsock.dll
0x00007ff95d3c0000 - 0x00007ff95d3d6000 	C:\Users\User\.jdks\corretto-21.0.3\bin\nio.dll
0x00007ff99ff60000 - 0x00007ff99ff70000 	C:\Users\User\.jdks\corretto-21.0.3\bin\verify.dll
0x00007ff992db0000 - 0x00007ff992dd7000 	C:\Users\User\.gradle\native\c067742578af261105cb4f569cf0c3c89f3d7b1fecec35dd04571415982c5e48\windows-amd64\native-platform.dll
0x00007ff8e6130000 - 0x00007ff8e6274000 	C:\Users\User\.gradle\native\38dada09dfb8b06ba9b0570ebf7e218e3eb74d4ef43ca46872605cf95ebc2f47\windows-amd64\native-platform-file-events.dll
0x00007ff99cb20000 - 0x00007ff99cb29000 	C:\Users\User\.jdks\corretto-21.0.3\bin\management.dll
0x00007ff99c790000 - 0x00007ff99c79b000 	C:\Users\User\.jdks\corretto-21.0.3\bin\management_ext.dll
0x00007ff9cf7b0000 - 0x00007ff9cf7b8000 	C:\WINDOWS\System32\PSAPI.DLL
0x00007ff9ce130000 - 0x00007ff9ce148000 	C:\WINDOWS\SYSTEM32\CRYPTSP.dll
0x00007ff9ccdd0000 - 0x00007ff9cce04000 	C:\WINDOWS\system32\rsaenh.dll
0x00007ff9ce2b0000 - 0x00007ff9ce2de000 	C:\WINDOWS\SYSTEM32\USERENV.dll
0x00007ff9cd6b0000 - 0x00007ff9cd6bc000 	C:\WINDOWS\SYSTEM32\CRYPTBASE.dll
0x00007ff9cd130000 - 0x00007ff9cd16b000 	C:\WINDOWS\SYSTEM32\IPHLPAPI.DLL
0x00007ff9cf720000 - 0x00007ff9cf728000 	C:\WINDOWS\System32\NSI.dll
0x00007ff99c6c0000 - 0x00007ff99c6c9000 	C:\Users\User\.jdks\corretto-21.0.3\bin\extnet.dll
0x00007ff99c4a0000 - 0x00007ff99c4ae000 	C:\Users\User\.jdks\corretto-21.0.3\bin\sunmscapi.dll
0x00007ff9ce420000 - 0x00007ff9ce57e000 	C:\WINDOWS\System32\CRYPT32.dll
0x00007ff9cd760000 - 0x00007ff9cd788000 	C:\WINDOWS\SYSTEM32\ncrypt.dll
0x00007ff9cd720000 - 0x00007ff9cd75b000 	C:\WINDOWS\SYSTEM32\NTASN1.dll
0x00007ff9b6960000 - 0x00007ff9b6967000 	C:\WINDOWS\system32\wshunix.dll
0x00007ff9ce0f0000 - 0x00007ff9ce123000 	C:\WINDOWS\SYSTEM32\ntmarta.dll

dbghelp: loaded successfully - version: 4.0.5 - missing functions: none
symbol engine: initialized successfully - sym options: 0x614 - pdb path: .;C:\Users\User\.jdks\corretto-21.0.3\bin;C:\WINDOWS\SYSTEM32;C:\WINDOWS\WinSxS\amd64_microsoft.windows.common-controls_6595b64144ccf1df_6.0.19041.3636_none_60b6a03d71f818d5;C:\Users\User\.jdks\corretto-21.0.3\bin\server;C:\Users\User\.gradle\native\c067742578af261105cb4f569cf0c3c89f3d7b1fecec35dd04571415982c5e48\windows-amd64;C:\Users\User\.gradle\native\38dada09dfb8b06ba9b0570ebf7e218e3eb74d4ef43ca46872605cf95ebc2f47\windows-amd64

VM Arguments:
jvm_args: --add-opens=java.base/java.util=ALL-UNNAMED --add-opens=java.base/java.lang=ALL-UNNAMED --add-opens=java.base/java.lang.invoke=ALL-UNNAMED --add-opens=java.prefs/java.util.prefs=ALL-UNNAMED --add-opens=java.base/java.nio.charset=ALL-UNNAMED --add-opens=java.base/java.net=ALL-UNNAMED --add-opens=java.base/java.util.concurrent.atomic=ALL-UNNAMED -XX:MaxMetaspaceSize=384m -XX:+HeapDumpOnOutOfMemoryError -Xms256m -Xmx512m -Dfile.encoding=windows-1251 -Duser.country=RU -Duser.language=ru -Duser.variant -javaagent:C:\Users\User\.gradle\wrapper\dists\gradle-8.5-bin\5t9huq95ubn472n8rpzujfbqh\gradle-8.5\lib\agents\gradle-instrumentation-agent-8.5.jar 
java_command: org.gradle.launcher.daemon.bootstrap.GradleDaemon 8.5
java_class_path (initial): C:\Users\User\.gradle\wrapper\dists\gradle-8.5-bin\5t9huq95ubn472n8rpzujfbqh\gradle-8.5\lib\gradle-launcher-8.5.jar
Launcher Type: SUN_STANDARD

[Global flags]
     intx CICompilerCount                          = 12                                        {product} {ergonomic}
   size_t CompressedClassSpaceSize                 = 335544320                                 {product} {ergonomic}
     uint ConcGCThreads                            = 3                                         {product} {ergonomic}
     uint G1ConcRefinementThreads                  = 13                                        {product} {ergonomic}
   size_t G1HeapRegionSize                         = 1048576                                   {product} {ergonomic}
    uintx GCDrainStackTargetSize                   = 64                                        {product} {ergonomic}
     bool HeapDumpOnOutOfMemoryError               = true                                   {manageable} {command line}
   size_t InitialHeapSize                          = 268435456                                 {product} {command line}
   size_t MarkStackSize                            = 4194304                                   {product} {ergonomic}
   size_t MaxHeapSize                              = 536870912                                 {product} {command line}
   size_t MaxMetaspaceSize                         = 402653184                                 {product} {command line}
   size_t MaxNewSize                               = 321912832                                 {product} {ergonomic}
   size_t MinHeapDeltaBytes                        = 1048576                                   {product} {ergonomic}
   size_t MinHeapSize                              = 268435456                                 {product} {command line}
    uintx NonNMethodCodeHeapSize                   = 7602480                                {pd product} {ergonomic}
    uintx NonProfiledCodeHeapSize                  = 122027880                              {pd product} {ergonomic}
    uintx ProfiledCodeHeapSize                     = 122027880                              {pd product} {ergonomic}
    uintx ReservedCodeCacheSize                    = 251658240                              {pd product} {ergonomic}
     bool SegmentedCodeCache                       = true                                      {product} {ergonomic}
   size_t SoftMaxHeapSize                          = 536870912                              {manageable} {ergonomic}
     bool UseCompressedOops                        = true                           {product lp64_product} {ergonomic}
     bool UseG1GC                                  = true                                      {product} {ergonomic}
     bool UseLargePagesIndividualAllocation        = false                                  {pd product} {ergonomic}

Logging:
Log output configuration:
 #0: stdout all=warning uptime,level,tags foldmultilines=false
 #1: stderr all=off uptime,level,tags foldmultilines=false

Environment Variables:
PATH=C:\Program Files (x86)\Common Files\Intel\Shared Libraries\redist\ia32\compiler;C:\Program Files (x86)\Common Files\Intel\Shared Libraries\redist\intel64\compiler;C:\Windows\system32;C:\Windows;C:\Windows\System32\Wbem;C:\Windows\System32\WindowsPowerShell\v1.0\;C:\Windows\System32\OpenSSH\;C:\Program Files (x86)\NVIDIA Corporation\PhysX\Common;C:\Program Files\NVIDIA Corporation\NVIDIA NvDLISR;C:\WINDOWS\system32;C:\WINDOWS;C:\WINDOWS\System32\Wbem;C:\WINDOWS\System32\WindowsPowerShell\v1.0\;C:\WINDOWS\System32\OpenSSH\;C:\Program Files (x86)\Pinnacle\Shared Files\;C:\Program Files\Git\cmd;C:\Users\User\AppData\Local\Microsoft\WindowsApps;
USERNAME=User
OS=Windows_NT
PROCESSOR_IDENTIFIER=AMD64 Family 23 Model 113 Stepping 0, AuthenticAMD
TMP=C:\Users\User\AppData\Local\Temp
TEMP=C:\Users\User\AppData\Local\Temp




Periodic native trim disabled

---------------  S Y S T E M  ---------------

OS:
 Windows 10 , 64 bit Build 19041 (10.0.19041.3636)
OS uptime: 0 days 19:34 hours

CPU: total 16 (initial active 16) (16 cores per cpu, 2 threads per core) family 23 model 113 stepping 0 microcode 0x0, cx8, cmov, fxsr, ht, mmx, 3dnowpref, sse, sse2, sse3, ssse3, sse4a, sse4.1, sse4.2, popcnt, lzcnt, tsc, tscinvbit, avx, avx2, aes, clmul, bmi1, bmi2, adx, sha, fma, vzeroupper, clflush, clflushopt, rdtscp, rdpid, f16c
Processor Information for all 16 processors :
  Max Mhz: 3600, Current Mhz: 3600, Mhz Limit: 3600

Memory: 4k page, system-wide physical 131020M (32671M free)
TotalPageFile size 158668M (AvailPageFile size 40382M)
current process WorkingSet (physical memory assigned to process): 503M, peak: 508M
current process commit charge ("private bytes"): 588M, peak: 593M

vm_info: OpenJDK 64-Bit Server VM (21.0.3+9-LTS) for windows-amd64 JRE (21.0.3+9-LTS), built on 2024-04-10T19:10:39Z by "Administrator" with MS VC++ 16.10 / 16.11 (VS2019)

END.
